wait WAIT 
post POST 000 000 070 014 000 000 002 002 002 002 003 003
0 o_bullets:
0 s_bullets:
post POST 000 000 070 014 000 000 002 002 002 002 003 003
0 o_bullets:
0 s_bullets:
a 97
0 o_bullets:
0 s_bullets:
post POST 000 000 069 014 000 000 002 002 002 002 003 003
0 o_bullets:
0 s_bullets:
post POST 000 000 069 014 000 000 002 002 002 002 003 003
0 o_bullets:
0 s_bullets:
a 97
0 o_bullets:
0 s_bullets:
post POST 000 000 068 014 000 000 002 002 002 002 003 003
0 o_bullets:
0 s_bullets:
a 97
0 o_bullets:
0 s_bullets:
post POST 000 000 067 014 000 000 002 002 002 002 003 003
0 o_bullets:
0 s_bullets:
a 97
0 o_bullets:
0 s_bullets:
post POST 000 000 066 014 000 000 002 002 002 002 003 003
0 o_bullets:
0 s_bullets:
a 97
0 o_bullets:
0 s_bullets:
post POST 000 000 065 014 000 000 002 002 002 002 003 003
0 o_bullets:
0 s_bullets:
a 97
0 o_bullets:
0 s_bullets:
post POST 000 000 064 014 000 000 002 002 002 002 003 003
0 o_bullets:
0 s_bullets:
a 97
0 o_bullets:
0 s_bullets:
post POST 000 000 063 014 000 000 002 002 002 002 003 003
0 o_bullets:
0 s_bullets:
a 97
0 o_bullets:
0 s_bullets:
post POST 000 000 062 014 000 000 002 002 002 002 003 003
0 o_bullets:
0 s_bullets:
a 97
0 o_bullets:
0 s_bullets:
post POST 000 000 061 014 000 000 002 002 002 002 003 003
0 o_bullets:
0 s_bullets:
a 97
0 o_bullets:
0 s_bullets:
post POST 000 000 060 014 000 000 002 002 002 002 003 003
0 o_bullets:
0 s_bullets:
a 97
0 o_bullets:
0 s_bullets:
post POST 000 000 059 014 000 000 002 002 002 002 003 003
0 o_bullets:
0 s_bullets:
a 97
0 o_bullets:
0 s_bullets:
post POST 000 000 058 014 000 000 002 002 002 002 003 003
0 o_bullets:
0 s_bullets:
a 97
0 o_bullets:
0 s_bullets:
post POST 000 000 057 014 000 000 002 002 002 002 003 003
0 o_bullets:
0 s_bullets:
a 97
0 o_bullets:
0 s_bullets:
post POST 000 000 056 014 000 000 002 002 002 002 003 003
0 o_bullets:
0 s_bullets:
a 97
0 o_bullets:
0 s_bullets:
post POST 000 000 055 014 000 000 002 002 002 002 003 003
0 o_bullets:
0 s_bullets:
a 97
0 o_bullets:
0 s_bullets:
post POST 000 000 054 014 000 000 002 002 002 002 003 003
0 o_bullets:
0 s_bullets:
a 97
0 o_bullets:
0 s_bullets:
post POST 000 000 053 014 000 000 002 002 002 002 003 003
0 o_bullets:
0 s_bullets:
a 97
0 o_bullets:
0 s_bullets:
post POST 000 000 052 014 000 000 002 002 002 002 003 003
0 o_bullets:
0 s_bullets:
a 97
0 o_bullets:
0 s_bullets:
post POST 000 000 051 014 000 000 002 002 002 002 003 003
0 o_bullets:
0 s_bullets:
a 97
0 o_bullets:
0 s_bullets:
post POST 000 000 050 014 000 000 002 002 002 002 003 003
0 o_bullets:
0 s_bullets:
post POST 000 000 050 014 000 000 002 002 002 002 003 003
0 o_bullets:
0 s_bullets:
a 97
0 o_bullets:
0 s_bullets:
post POST 000 000 049 014 000 000 002 002 002 002 003 003
0 o_bullets:
0 s_bullets:
a 97
0 o_bullets:
0 s_bullets:
post POST 000 000 048 014 000 000 002 002 002 002 003 003
0 o_bullets:
0 s_bullets:
a 97
0 o_bullets:
0 s_bullets:
post POST 000 000 047 014 000 000 002 002 002 002 003 003
0 o_bullets:
0 s_bullets:
a 97
0 o_bullets:
0 s_bullets:
post POST 000 000 046 014 000 000 002 002 002 002 003 003
0 o_bullets:
0 s_bullets:
a 97
0 o_bullets:
0 s_bullets:
post POST 000 000 045 014 000 000 002 002 002 002 003 003
0 o_bullets:
0 s_bullets:
a 97
0 o_bullets:
0 s_bullets:
post POST 000 000 044 014 000 000 002 002 002 002 003 003
0 o_bullets:
0 s_bullets:
a 97
0 o_bullets:
0 s_bullets:
post POST 000 000 043 014 000 000 002 002 002 002 003 003
0 o_bullets:
0 s_bullets:
a 97
0 o_bullets:
0 s_bullets:
post POST 000 000 042 014 000 000 002 002 002 002 003 003
0 o_bullets:
0 s_bullets:
a 97
0 o_bullets:
0 s_bullets:
post POST 000 000 041 014 000 000 002 002 002 002 003 003
0 o_bullets:
0 s_bullets:
a 97
0 o_bullets:
0 s_bullets:
post POST 000 000 040 014 000 000 002 002 002 002 003 003
0 o_bullets:
0 s_bullets:
a 97
0 o_bullets:
0 s_bullets:
post POST 000 000 039 014 000 000 002 002 002 002 003 003
0 o_bullets:
0 s_bullets:
a 97
0 o_bullets:
0 s_bullets:
post POST 000 000 038 014 000 000 002 002 002 002 003 003
0 o_bullets:
0 s_bullets:
a 97
0 o_bullets:
0 s_bullets:
post POST 000 000 037 014 000 000 002 002 002 002 003 003
0 o_bullets:
0 s_bullets:
a 97
0 o_bullets:
0 s_bullets:
post POST 000 000 036 014 000 000 002 002 002 002 003 003
0 o_bullets:
0 s_bullets:
a 97
0 o_bullets:
0 s_bullets:
post POST 000 000 035 014 000 000 002 002 002 002 003 003
0 o_bullets:
0 s_bullets:
a 97
0 o_bullets:
0 s_bullets:
post POST 000 000 034 014 000 000 002 002 002 002 003 003
0 o_bullets:
0 s_bullets:
a 97
0 o_bullets:
0 s_bullets:
post POST 000 000 033 014 000 000 002 002 002 002 003 003
0 o_bullets:
0 s_bullets:
a 97
0 o_bullets:
0 s_bullets:
post POST 000 000 032 014 000 000 002 002 002 002 003 003
0 o_bullets:
0 s_bullets:
a 97
0 o_bullets:
0 s_bullets:
post POST 000 000 031 014 000 000 002 002 002 002 003 003
0 o_bullets:
0 s_bullets:
a 97
0 o_bullets:
0 s_bullets:
post POST 000 000 030 014 000 000 002 002 002 002 003 003
0 o_bullets:
0 s_bullets:
a 97
0 o_bullets:
0 s_bullets:
post POST 000 000 029 014 000 000 002 002 002 002 003 003
0 o_bullets:
0 s_bullets:
a 97
0 o_bullets:
0 s_bullets:
post POST 000 000 028 014 000 000 002 002 002 002 003 003
0 o_bullets:
0 s_bullets:
a 97
0 o_bullets:
0 s_bullets:
post POST 000 000 027 014 000 000 002 002 002 002 003 003
0 o_bullets:
0 s_bullets:
a 97
0 o_bullets:
0 s_bullets:
post POST 000 000 026 014 000 000 002 002 002 002 003 003
0 o_bullets:
0 s_bullets:
a 97
0 o_bullets:
0 s_bullets:
post POST 000 000 025 014 000 000 002 002 002 002 003 003
0 o_bullets:
0 s_bullets:
a 97
0 o_bullets:
0 s_bullets:
post POST 000 000 024 014 000 000 002 002 002 002 003 003
0 o_bullets:
0 s_bullets:
a 97
0 o_bullets:
0 s_bullets:
post POST 000 000 023 014 000 000 002 002 002 002 003 003
0 o_bullets:
0 s_bullets:
a 97
0 o_bullets:
0 s_bullets:
post POST 000 000 022 014 000 000 002 002 002 002 003 003
0 o_bullets:
0 s_bullets:
a 97
0 o_bullets:
0 s_bullets:
post POST 000 000 021 014 000 000 002 002 002 002 003 003
0 o_bullets:
0 s_bullets:
a 97
0 o_bullets:
0 s_bullets:
post POST 000 000 020 014 000 000 002 002 002 002 003 003
0 o_bullets:
0 s_bullets:
a 97
0 o_bullets:
0 s_bullets:
post POST 000 000 019 014 000 000 002 002 002 002 003 003
0 o_bullets:
0 s_bullets:
a 97
0 o_bullets:
0 s_bullets:
post POST 000 000 018 014 000 000 002 002 002 002 003 003
0 o_bullets:
0 s_bullets:
a 97
0 o_bullets:
0 s_bullets:
post POST 000 000 017 014 000 000 002 002 002 002 003 003
0 o_bullets:
0 s_bullets:
a 97
0 o_bullets:
0 s_bullets:
post POST 000 000 016 014 000 000 002 002 002 002 003 003
0 o_bullets:
0 s_bullets:
post POST 000 000 016 014 000 000 002 002 002 002 003 003
0 o_bullets:
0 s_bullets:
a 97
0 o_bullets:
0 s_bullets:
post POST 000 000 015 014 000 000 002 002 002 002 003 003
0 o_bullets:
0 s_bullets:
a 97
0 o_bullets:
0 s_bullets:
post POST 000 000 014 014 000 000 002 002 002 002 003 003
0 o_bullets:
0 s_bullets:
a 97
0 o_bullets:
0 s_bullets:
post POST 000 000 013 014 000 000 002 002 002 002 003 003
0 o_bullets:
0 s_bullets:
a 97
0 o_bullets:
0 s_bullets:
post POST 000 000 012 014 000 000 002 002 002 002 003 003
0 o_bullets:
0 s_bullets:
a 97
0 o_bullets:
0 s_bullets:
post POST 000 000 011 014 000 000 002 002 002 002 003 003
0 o_bullets:
0 s_bullets:
a 97
0 o_bullets:
0 s_bullets:
post POST 000 000 010 014 000 000 002 002 002 002 003 003
0 o_bullets:
0 s_bullets:
a 97
0 o_bullets:
0 s_bullets:
post POST 000 000 009 014 000 000 002 002 002 002 003 003
0 o_bullets:
0 s_bullets:
a 97
0 o_bullets:
0 s_bullets:
post POST 000 000 008 014 000 000 002 002 002 002 003 003
0 o_bullets:
0 s_bullets:
a 97
0 o_bullets:
0 s_bullets:
post POST 000 000 007 014 000 000 002 002 002 002 003 003
0 o_bullets:
0 s_bullets:
a 97
0 o_bullets:
0 s_bullets:
post POST 000 000 006 014 000 000 002 002 002 002 003 003
0 o_bullets:
0 s_bullets:
a 97
0 o_bullets:
0 s_bullets:
post POST 000 000 005 014 000 000 002 002 002 002 003 003
0 o_bullets:
0 s_bullets:
a 97
0 o_bullets:
0 s_bullets:
post POST 000 000 004 014 000 000 002 002 002 002 003 003
0 o_bullets:
0 s_bullets:
a 97
0 o_bullets:
0 s_bullets:
post POST 000 000 003 014 000 000 002 002 002 002 003 003
0 o_bullets:
0 s_bullets:
a 97
0 o_bullets:
0 s_bullets:
post POST 000 000 002 014 000 000 002 002 002 002 003 003
0 o_bullets:
0 s_bullets:
a 97
0 o_bullets:
0 s_bullets:
post POST 000 000 001 014 000 000 002 002 002 002 003 003
0 o_bullets:
0 s_bullets:
a 97
0 o_bullets:
0 s_bullets:
post POST 000 000 000 014 000 000 002 002 002 002 003 003
0 o_bullets:
0 s_bullets:
a 97
0 o_bullets:
0 s_bullets:
post POST 000 000 000 014 000 000 002 002 002 002 003 003
0 o_bullets:
0 s_bullets:
a 97
0 o_bullets:
0 s_bullets:
post POST 000 000 000 014 000 000 002 002 002 002 003 003
0 o_bullets:
0 s_bullets:
a 97
0 o_bullets:
0 s_bullets:
post POST 000 000 000 014 000 000 002 002 002 002 003 003
0 o_bullets:
0 s_bullets:
a 97
0 o_bullets:
0 s_bullets:
post POST 000 000 000 014 000 000 002 002 002 002 003 003
0 o_bullets:
0 s_bullets:
a 97
0 o_bullets:
0 s_bullets:
post POST 000 000 000 014 000 000 002 002 002 002 003 003
0 o_bullets:
0 s_bullets:
a 97
0 o_bullets:
0 s_bullets:
post POST 000 000 000 014 000 000 002 002 002 002 003 003
0 o_bullets:
0 s_bullets:
a 97
0 o_bullets:
0 s_bullets:
post POST 000 000 000 014 000 000 002 002 002 002 003 003
0 o_bullets:
0 s_bullets:
a 97
0 o_bullets:
0 s_bullets:
post POST 000 000 000 014 000 000 002 002 002 002 003 003
0 o_bullets:
0 s_bullets:
a 97
0 o_bullets:
0 s_bullets:
post POST 000 000 000 014 000 000 002 002 002 002 003 003
0 o_bullets:
0 s_bullets:
a 97
0 o_bullets:
0 s_bullets:
post POST 000 000 000 014 000 000 002 002 002 002 003 003
0 o_bullets:
0 s_bullets:
a 97
0 o_bullets:
0 s_bullets:
post POST 000 000 000 014 000 000 002 002 002 002 003 003
0 o_bullets:
0 s_bullets:
a 97
0 o_bullets:
0 s_bullets:
post POST 000 000 000 014 000 000 002 002 002 002 003 003
0 o_bullets:
0 s_bullets:
a 97
0 o_bullets:
0 s_bullets:
post POST 000 000 000 014 000 000 002 002 002 002 003 003
0 o_bullets:
0 s_bullets:
a 97
0 o_bullets:
0 s_bullets:
post POST 000 000 000 014 000 000 002 002 002 002 003 003
0 o_bullets:
0 s_bullets:
post POST 000 000 000 014 000 000 002 002 002 002 003 003
0 o_bullets:
0 s_bullets:
  32
0 o_bullets:
0 s_bullets:
post POST 001 000 000 014 000 000 002 002 001 002 003 003 006 013
0 o_bullets:
1 s_bullets:
   6 13
post POST 001 000 000 014 000 000 002 002 001 002 002 003 006 012
0 o_bullets:
1 s_bullets:
   6 12
post POST 001 000 000 014 000 000 002 002 001 002 001 003 006 011
0 o_bullets:
1 s_bullets:
   6 11
post POST 001 000 000 014 000 000 002 002 002 002 003 003 006 010
0 o_bullets:
1 s_bullets:
   6 10
post POST 001 000 000 014 000 000 002 002 002 002 003 003 006 009
0 o_bullets:
1 s_bullets:
   6 9
post POST 001 000 000 014 000 000 002 002 002 002 003 003 006 008
0 o_bullets:
1 s_bullets:
   6 8
post POST 001 000 000 014 000 000 002 002 002 002 003 003 006 007
0 o_bullets:
1 s_bullets:
   6 7
post POST 001 000 000 014 000 000 002 002 002 002 003 003 006 006
0 o_bullets:
1 s_bullets:
   6 6
d 100
0 o_bullets:
1 s_bullets:
   6 6
post POST 001 000 001 014 000 000 002 002 002 002 003 003 006 006
0 o_bullets:
1 s_bullets:
   6 6
d 100
0 o_bullets:
1 s_bullets:
   6 6
post POST 001 000 002 014 000 000 002 002 002 002 003 003 006 006
0 o_bullets:
1 s_bullets:
   6 6
d 100
0 o_bullets:
1 s_bullets:
   6 6
post POST 001 000 003 014 000 000 002 002 002 002 003 003 006 006
0 o_bullets:
1 s_bullets:
   6 6
d 100
0 o_bullets:
1 s_bullets:
   6 6
post POST 001 000 004 014 000 000 002 002 002 002 003 003 006 006
0 o_bullets:
1 s_bullets:
   6 6
d 100
0 o_bullets:
1 s_bullets:
   6 6
post POST 001 000 005 014 000 000 002 002 002 002 003 003 006 006
0 o_bullets:
1 s_bullets:
   6 6
d 100
0 o_bullets:
1 s_bullets:
   6 6
post POST 001 000 006 014 000 000 002 002 002 002 003 003 006 006
0 o_bullets:
1 s_bullets:
   6 6
d 100
0 o_bullets:
1 s_bullets:
   6 6
post POST 001 000 007 014 000 000 002 002 002 002 003 003 006 006
0 o_bullets:
1 s_bullets:
   6 6
d 100
0 o_bullets:
1 s_bullets:
   6 6
post POST 001 000 008 014 000 000 002 002 002 002 003 003 006 006
0 o_bullets:
1 s_bullets:
   6 6
d 100
0 o_bullets:
1 s_bullets:
   6 6
post POST 001 000 009 014 000 000 002 002 002 002 003 003 006 006
0 o_bullets:
1 s_bullets:
   6 6
d 100
0 o_bullets:
1 s_bullets:
   6 6
post POST 001 000 010 014 000 000 002 002 002 002 003 003 006 006
0 o_bullets:
1 s_bullets:
   6 6
post POST 001 000 010 014 000 000 002 002 002 002 003 003 006 005
0 o_bullets:
1 s_bullets:
   6 5
d 100
0 o_bullets:
1 s_bullets:
   6 5
post POST 001 000 011 014 000 000 002 002 002 002 003 003 006 005
0 o_bullets:
1 s_bullets:
   6 5
d 100
0 o_bullets:
1 s_bullets:
   6 5
post POST 001 000 012 014 000 000 002 002 002 002 003 003 006 005
0 o_bullets:
1 s_bullets:
   6 5
d 100
0 o_bullets:
1 s_bullets:
   6 5
post POST 001 000 013 014 000 000 002 002 002 002 003 003 006 005
0 o_bullets:
1 s_bullets:
   6 5
d 100
0 o_bullets:
1 s_bullets:
   6 5
post POST 001 000 014 014 000 000 002 002 002 002 003 003 006 005
0 o_bullets:
1 s_bullets:
   6 5
d 100
0 o_bullets:
1 s_bullets:
   6 5
post POST 001 000 015 014 000 000 002 002 002 002 003 003 006 005
0 o_bullets:
1 s_bullets:
   6 5
d 100
0 o_bullets:
1 s_bullets:
   6 5
post POST 001 000 016 014 000 000 002 002 002 002 003 003 006 005
0 o_bullets:
1 s_bullets:
   6 5
d 100
0 o_bullets:
1 s_bullets:
   6 5
post POST 001 000 017 014 000 000 002 002 002 002 003 003 006 005
0 o_bullets:
1 s_bullets:
   6 5
d 100
0 o_bullets:
1 s_bullets:
   6 5
post POST 001 000 018 014 000 000 002 002 002 002 003 003 006 005
0 o_bullets:
1 s_bullets:
   6 5
d 100
0 o_bullets:
1 s_bullets:
   6 5
post POST 001 000 019 014 000 000 002 002 002 002 003 003 006 005
0 o_bullets:
1 s_bullets:
   6 5
d 100
0 o_bullets:
1 s_bullets:
   6 5
post POST 001 000 020 014 000 000 002 002 002 002 003 003 006 005
0 o_bullets:
1 s_bullets:
   6 5
post POST 001 000 020 014 000 000 002 002 002 002 003 003 006 004
0 o_bullets:
1 s_bullets:
   6 4
post POST 001 000 020 014 001 000 002 002 002 002 003 003 006 004
0 o_bullets:
1 s_bullets:
   6 4
post POST 001 000 020 014 002 000 002 002 002 002 003 003 006 004
0 o_bullets:
1 s_bullets:
   6 4
post POST 001 000 020 014 003 000 002 002 002 002 003 003 006 004
0 o_bullets:
1 s_bullets:
   6 4
post POST 001 000 020 014 004 000 002 002 002 002 003 003 006 004
0 o_bullets:
1 s_bullets:
   6 4
post POST 001 000 020 014 004 000 002 002 002 002 003 003 006 003
0 o_bullets:
1 s_bullets:
   6 3
post POST 001 000 020 014 005 000 002 002 002 002 003 003 006 003
0 o_bullets:
1 s_bullets:
   6 3
post POST 001 000 020 014 006 000 002 002 002 002 003 003 006 003
0 o_bullets:
1 s_bullets:
   6 3
post POST 001 000 020 014 007 000 002 002 002 002 003 003 006 003
0 o_bullets:
1 s_bullets:
   6 3
post POST 001 000 020 014 008 000 002 002 002 002 003 003 006 003
0 o_bullets:
1 s_bullets:
   6 3
post POST 001 000 020 014 009 000 002 002 002 002 003 003 006 003
0 o_bullets:
1 s_bullets:
   6 3
post POST 001 000 020 014 010 000 002 002 002 002 003 003 006 003
0 o_bullets:
1 s_bullets:
   6 3
post POST 001 000 020 014 011 000 002 002 002 002 003 003 006 003
0 o_bullets:
1 s_bullets:
   6 3
post POST 001 000 020 014 012 000 002 002 002 002 003 003 006 003
0 o_bullets:
1 s_bullets:
   6 3
post POST 001 000 020 014 013 000 002 002 002 002 003 003 006 003
0 o_bullets:
1 s_bullets:
   6 3
post POST 001 000 020 014 014 000 002 002 002 002 003 003 006 003
0 o_bullets:
1 s_bullets:
   6 3
post POST 001 000 020 014 015 000 002 002 002 002 003 003 006 003
0 o_bullets:
1 s_bullets:
   6 3
post POST 001 000 020 014 016 000 002 002 002 002 003 003 006 003
0 o_bullets:
1 s_bullets:
   6 3
post POST 001 000 020 014 016 000 002 002 002 002 003 003 006 002
0 o_bullets:
1 s_bullets:
   6 2
post POST 000 000 020 014 016 000 002 002 002 002 003 003
0 o_bullets:
0 s_bullets:
post POST 000 000 020 014 015 000 002 002 002 002 003 003
0 o_bullets:
0 s_bullets:
post POST 000 000 020 014 014 000 002 002 002 002 003 003
0 o_bullets:
0 s_bullets:
post POST 000 000 020 014 013 000 002 002 002 002 003 003
0 o_bullets:
0 s_bullets:
post POST 000 000 020 014 012 000 002 002 002 002 003 003
0 o_bullets:
0 s_bullets:
post POST 000 000 020 014 011 000 002 002 002 002 003 003
0 o_bullets:
0 s_bullets:
post POST 000 000 020 014 010 000 002 002 002 002 003 003
0 o_bullets:
0 s_bullets:
post POST 000 000 020 014 009 000 002 002 002 002 003 003
0 o_bullets:
0 s_bullets:
post POST 000 000 020 014 009 000 002 002 002 002 003 003
0 o_bullets:
0 s_bullets:
post POST 000 000 020 014 008 000 002 002 002 002 003 003
0 o_bullets:
0 s_bullets:
post POST 000 000 020 014 007 000 002 002 002 002 003 003
0 o_bullets:
0 s_bullets:
post POST 000 000 020 014 006 000 002 002 002 002 003 003
0 o_bullets:
0 s_bullets:
post POST 000 000 020 014 005 000 002 002 002 002 003 003
0 o_bullets:
0 s_bullets:
post POST 000 000 020 014 004 000 002 002 002 002 003 003
0 o_bullets:
0 s_bullets:
post POST 000 000 020 014 003 000 002 002 002 002 003 003
0 o_bullets:
0 s_bullets:
post POST 000 000 020 014 002 000 002 002 002 002 003 003
0 o_bullets:
0 s_bullets:
post POST 000 000 020 014 001 000 002 002 002 002 003 003
0 o_bullets:
0 s_bullets:
post POST 000 000 020 014 000 000 002 002 002 002 003 003
0 o_bullets:
0 s_bullets:
post POST 000 000 020 014 000 000 002 002 002 002 003 003
0 o_bullets:
0 s_bullets:
post POST 000 000 020 014 000 000 002 002 002 002 003 003
0 o_bullets:
0 s_bullets:
post POST 000 000 020 014 000 000 002 002 002 002 003 003
0 o_bullets:
0 s_bullets:
post POST 000 000 020 014 000 000 002 002 002 002 003 003
0 o_bullets:
0 s_bullets:
post POST 000 000 020 014 000 000 002 002 002 002 003 003
0 o_bullets:
0 s_bullets:
post POST 000 000 020 014 000 000 002 002 002 002 003 003
0 o_bullets:
0 s_bullets:
post POST 000 000 020 014 000 000 002 002 002 002 003 003
0 o_bullets:
0 s_bullets:
post POST 000 001 020 014 000 000 002 002 002 001 003 003 003 002
1 o_bullets:
   3 2
0 s_bullets:
post POST 000 001 020 014 000 000 002 002 002 001 003 002 003 003
1 o_bullets:
   3 3
0 s_bullets:
post POST 000 001 020 014 000 000 002 002 002 001 003 001 003 004
1 o_bullets:
   3 4
0 s_bullets:
post POST 000 001 020 014 000 000 002 002 002 002 003 003 003 005
1 o_bullets:
   3 5
0 s_bullets:
post POST 000 001 020 014 000 000 002 002 002 002 003 003 003 006
1 o_bullets:
   3 6
0 s_bullets:
post POST 000 001 020 014 000 000 002 002 002 002 003 003 003 007
1 o_bullets:
   3 7
0 s_bullets:
post POST 000 001 020 014 000 000 002 002 002 002 003 003 003 008
1 o_bullets:
   3 8
0 s_bullets:
post POST 000 001 020 014 000 000 002 002 002 002 003 003 003 009
1 o_bullets:
   3 9
0 s_bullets:
post POST 000 001 020 014 000 000 002 002 002 002 003 003 003 010
1 o_bullets:
   3 10
0 s_bullets:
post POST 000 001 020 014 000 000 002 002 002 002 003 003 003 011
1 o_bullets:
   3 11
0 s_bullets:
