wait WAIT 
post POST 000 000 074 014 000 000 002 002 002 002 003 003
0 o_bullets:
0 s_bullets:
post POST 000 000 074 014 000 000 002 002 002 002 003 003
0 o_bullets:
0 s_bullets:
post POST 000 000 074 014 001 000 002 002 002 002 003 003
0 o_bullets:
0 s_bullets:
post POST 000 000 074 014 001 000 002 002 002 002 003 003
0 o_bullets:
0 s_bullets:
post POST 000 000 074 014 002 000 002 002 002 002 003 003
0 o_bullets:
0 s_bullets:
post POST 000 000 074 014 003 000 002 002 002 002 003 003
0 o_bullets:
0 s_bullets:
post POST 000 000 074 014 004 000 002 002 002 002 003 003
0 o_bullets:
0 s_bullets:
post POST 000 000 074 014 005 000 002 002 002 002 003 003
0 o_bullets:
0 s_bullets:
post POST 000 000 074 014 006 000 002 002 002 002 003 003
0 o_bullets:
0 s_bullets:
post POST 000 000 074 014 007 000 002 002 002 002 003 003
0 o_bullets:
0 s_bullets:
post POST 000 000 074 014 008 000 002 002 002 002 003 003
0 o_bullets:
0 s_bullets:
post POST 000 000 074 014 009 000 002 002 002 002 003 003
0 o_bullets:
0 s_bullets:
post POST 000 000 074 014 010 000 002 002 002 002 003 003
0 o_bullets:
0 s_bullets:
post POST 000 000 074 014 011 000 002 002 002 002 003 003
0 o_bullets:
0 s_bullets:
post POST 000 000 074 014 012 000 002 002 002 002 003 003
0 o_bullets:
0 s_bullets:
post POST 000 000 074 014 013 000 002 002 002 002 003 003
0 o_bullets:
0 s_bullets:
post POST 000 000 074 014 014 000 002 002 002 002 003 003
0 o_bullets:
0 s_bullets:
post POST 000 000 074 014 015 000 002 002 002 002 003 003
0 o_bullets:
0 s_bullets:
post POST 000 000 074 014 016 000 002 002 002 002 003 003
0 o_bullets:
0 s_bullets:
post POST 000 000 074 014 017 000 002 002 002 002 003 003
0 o_bullets:
0 s_bullets:
post POST 000 000 074 014 018 000 002 002 002 002 003 003
0 o_bullets:
0 s_bullets:
post POST 000 000 074 014 019 000 002 002 002 002 003 003
0 o_bullets:
0 s_bullets:
post POST 000 000 074 014 020 000 002 002 002 002 003 003
0 o_bullets:
0 s_bullets:
post POST 000 000 074 014 021 000 002 002 002 002 003 003
0 o_bullets:
0 s_bullets:
post POST 000 000 074 014 022 000 002 002 002 002 003 003
0 o_bullets:
0 s_bullets:
post POST 000 000 074 014 022 000 002 002 002 002 003 003
0 o_bullets:
0 s_bullets:
post POST 000 000 074 014 023 000 002 002 002 002 003 003
0 o_bullets:
0 s_bullets:
post POST 000 000 074 014 024 000 002 002 002 002 003 003
0 o_bullets:
0 s_bullets:
post POST 000 000 074 014 025 000 002 002 002 002 003 003
0 o_bullets:
0 s_bullets:
post POST 000 000 074 014 026 000 002 002 002 002 003 003
0 o_bullets:
0 s_bullets:
post POST 000 000 074 014 027 000 002 002 002 002 003 003
0 o_bullets:
0 s_bullets:
post POST 000 000 074 014 028 000 002 002 002 002 003 003
0 o_bullets:
0 s_bullets:
post POST 000 000 074 014 029 000 002 002 002 002 003 003
0 o_bullets:
0 s_bullets:
post POST 000 000 074 014 030 000 002 002 002 002 003 003
0 o_bullets:
0 s_bullets:
post POST 000 000 074 014 031 000 002 002 002 002 003 003
0 o_bullets:
0 s_bullets:
post POST 000 000 074 014 032 000 002 002 002 002 003 003
0 o_bullets:
0 s_bullets:
post POST 000 000 074 014 033 000 002 002 002 002 003 003
0 o_bullets:
0 s_bullets:
post POST 000 000 074 014 034 000 002 002 002 002 003 003
0 o_bullets:
0 s_bullets:
post POST 000 000 074 014 035 000 002 002 002 002 003 003
0 o_bullets:
0 s_bullets:
post POST 000 000 074 014 036 000 002 002 002 002 003 003
0 o_bullets:
0 s_bullets:
post POST 000 000 074 014 037 000 002 002 002 002 003 003
0 o_bullets:
0 s_bullets:
post POST 000 000 074 014 038 000 002 002 002 002 003 003
0 o_bullets:
0 s_bullets:
post POST 000 000 074 014 039 000 002 002 002 002 003 003
0 o_bullets:
0 s_bullets:
post POST 000 000 074 014 040 000 002 002 002 002 003 003
0 o_bullets:
0 s_bullets:
post POST 000 000 074 014 041 000 002 002 002 002 003 003
0 o_bullets:
0 s_bullets:
post POST 000 000 074 014 042 000 002 002 002 002 003 003
0 o_bullets:
0 s_bullets:
post POST 000 000 074 014 043 000 002 002 002 002 003 003
0 o_bullets:
0 s_bullets:
post POST 000 000 074 014 044 000 002 002 002 002 003 003
0 o_bullets:
0 s_bullets:
post POST 000 000 074 014 045 000 002 002 002 002 003 003
0 o_bullets:
0 s_bullets:
post POST 000 000 074 014 046 000 002 002 002 002 003 003
0 o_bullets:
0 s_bullets:
post POST 000 000 074 014 047 000 002 002 002 002 003 003
0 o_bullets:
0 s_bullets:
post POST 000 000 074 014 048 000 002 002 002 002 003 003
0 o_bullets:
0 s_bullets:
post POST 000 000 074 014 049 000 002 002 002 002 003 003
0 o_bullets:
0 s_bullets:
post POST 000 000 074 014 050 000 002 002 002 002 003 003
0 o_bullets:
0 s_bullets:
post POST 000 000 074 014 051 000 002 002 002 002 003 003
0 o_bullets:
0 s_bullets:
post POST 000 000 074 014 052 000 002 002 002 002 003 003
0 o_bullets:
0 s_bullets:
post POST 000 000 074 014 053 000 002 002 002 002 003 003
0 o_bullets:
0 s_bullets:
post POST 000 000 074 014 054 000 002 002 002 002 003 003
0 o_bullets:
0 s_bullets:
post POST 000 000 074 014 055 000 002 002 002 002 003 003
0 o_bullets:
0 s_bullets:
post POST 000 000 074 014 055 000 002 002 002 002 003 003
0 o_bullets:
0 s_bullets:
post POST 000 000 074 014 056 000 002 002 002 002 003 003
0 o_bullets:
0 s_bullets:
post POST 000 000 074 014 057 000 002 002 002 002 003 003
0 o_bullets:
0 s_bullets:
post POST 000 000 074 014 058 000 002 002 002 002 003 003
0 o_bullets:
0 s_bullets:
post POST 000 000 074 014 059 000 002 002 002 002 003 003
0 o_bullets:
0 s_bullets:
post POST 000 000 074 014 060 000 002 002 002 002 003 003
0 o_bullets:
0 s_bullets:
post POST 000 000 074 014 061 000 002 002 002 002 003 003
0 o_bullets:
0 s_bullets:
post POST 000 000 074 014 062 000 002 002 002 002 003 003
0 o_bullets:
0 s_bullets:
post POST 000 000 074 014 063 000 002 002 002 002 003 003
0 o_bullets:
0 s_bullets:
post POST 000 000 074 014 064 000 002 002 002 002 003 003
0 o_bullets:
0 s_bullets:
post POST 000 000 074 014 065 000 002 002 002 002 003 003
0 o_bullets:
0 s_bullets:
post POST 000 000 074 014 066 000 002 002 002 002 003 003
0 o_bullets:
0 s_bullets:
post POST 000 000 074 014 067 000 002 002 002 002 003 003
0 o_bullets:
0 s_bullets:
post POST 000 000 074 014 068 000 002 002 002 002 003 003
0 o_bullets:
0 s_bullets:
post POST 000 000 074 014 069 000 002 002 002 002 003 003
0 o_bullets:
0 s_bullets:
post POST 000 000 074 014 070 000 002 002 002 002 003 003
0 o_bullets:
0 s_bullets:
post POST 000 000 074 014 071 000 002 002 002 002 003 003
0 o_bullets:
0 s_bullets:
post POST 000 000 074 014 072 000 002 002 002 002 003 003
0 o_bullets:
0 s_bullets:
post POST 000 000 074 014 073 000 002 002 002 002 003 003
0 o_bullets:
0 s_bullets:
post POST 000 000 074 014 074 000 002 002 002 002 003 003
0 o_bullets:
0 s_bullets:
post POST 000 000 074 014 074 000 002 002 002 002 003 003
0 o_bullets:
0 s_bullets:
post POST 000 000 074 014 074 000 002 002 002 002 003 003
0 o_bullets:
0 s_bullets:
post POST 000 000 074 014 074 000 002 002 002 002 003 003
0 o_bullets:
0 s_bullets:
post POST 000 001 074 014 074 000 002 002 002 001 003 003 075 002
1 o_bullets:
   75 2
0 s_bullets:
post POST 000 001 074 014 074 000 002 002 002 001 003 002 075 003
1 o_bullets:
   75 3
0 s_bullets:
post POST 000 001 074 014 074 000 002 002 002 001 003 001 075 004
1 o_bullets:
   75 4
0 s_bullets:
post POST 000 001 074 014 074 000 002 002 002 002 003 003 075 005
1 o_bullets:
   75 5
0 s_bullets:
post POST 000 001 074 014 074 000 002 002 002 002 003 003 075 006
1 o_bullets:
   75 6
0 s_bullets:
post POST 000 001 074 014 074 000 002 002 002 002 003 003 075 007
1 o_bullets:
   75 7
0 s_bullets:
post POST 000 001 074 014 074 000 002 002 002 002 003 003 075 008
1 o_bullets:
   75 8
0 s_bullets:
post POST 000 001 074 014 074 000 002 002 002 002 003 003 075 009
1 o_bullets:
   75 9
0 s_bullets:
post POST 000 001 074 014 074 000 002 002 002 002 003 003 075 010
1 o_bullets:
   75 10
0 s_bullets:
post POST 000 001 074 014 074 000 002 002 002 002 003 003 075 011
1 o_bullets:
   75 11
0 s_bullets:
post POST 000 001 074 014 074 000 002 002 002 002 003 003 075 012
1 o_bullets:
   75 12
0 s_bullets:
post POST 000 001 074 014 074 000 002 002 002 002 003 003 075 013
1 o_bullets:
   75 13
0 s_bullets:
post POST 000 001 074 014 074 000 001 002 002 002 003 003 075 014
1 o_bullets:
   75 14
0 s_bullets:
post POST 000 001 074 014 074 000 001 002 002 002 003 003 075 015
1 o_bullets:
   75 15
0 s_bullets:
post POST 000 000 074 014 074 000 001 002 002 002 003 003
0 o_bullets:
0 s_bullets:
post POST 000 001 074 014 074 000 001 002 002 001 003 003 075 002
1 o_bullets:
   75 2
0 s_bullets:
post POST 000 001 074 014 074 000 001 002 002 001 003 002 075 003
1 o_bullets:
   75 3
0 s_bullets:
post POST 000 001 074 014 074 000 001 002 002 001 003 001 075 004
1 o_bullets:
   75 4
0 s_bullets:
post POST 000 001 074 014 074 000 001 002 002 002 003 003 075 005
1 o_bullets:
   75 5
0 s_bullets:
post POST 000 001 074 014 074 000 001 002 002 002 003 003 075 006
1 o_bullets:
   75 6
0 s_bullets:
post POST 000 001 074 014 074 000 001 002 002 002 003 003 075 007
1 o_bullets:
   75 7
0 s_bullets:
post POST 000 001 074 014 074 000 001 002 002 002 003 003 075 008
1 o_bullets:
   75 8
0 s_bullets:
post POST 000 001 074 014 074 000 001 002 002 002 003 003 075 009
1 o_bullets:
   75 9
0 s_bullets:
post POST 000 001 074 014 074 000 001 002 002 002 003 003 075 010
1 o_bullets:
   75 10
0 s_bullets:
post POST 000 001 074 014 074 000 001 002 002 002 003 003 075 011
1 o_bullets:
   75 11
0 s_bullets:
post POST 000 001 074 014 074 000 001 002 002 002 003 003 075 012
1 o_bullets:
   75 12
0 s_bullets:
post POST 000 001 074 014 074 000 001 002 002 002 003 003 075 013
1 o_bullets:
   75 13
0 s_bullets:
post POST 000 001 074 014 074 000 000 002 002 002 003 003 075 014
1 o_bullets:
   75 14
0 s_bullets:
exit EXIT 4
