wait WAIT 
post POST 000 000 070 014 000 000 002 002 002 002 003 003
0 o_bullets:
0 s_bullets:
post POST 000 000 070 014 000 000 002 002 002 002 003 003
0 o_bullets:
0 s_bullets:
post POST 000 000 070 014 001 000 002 002 002 002 003 003
0 o_bullets:
0 s_bullets:
post POST 000 000 070 014 001 000 002 002 002 002 003 003
0 o_bullets:
0 s_bullets:
post POST 000 000 070 014 002 000 002 002 002 002 003 003
0 o_bullets:
0 s_bullets:
post POST 000 000 070 014 002 000 002 002 002 002 003 003
0 o_bullets:
0 s_bullets:
post POST 000 001 070 014 002 000 002 002 002 001 003 003 006 002
1 o_bullets:
   6 2
0 s_bullets:
post POST 000 001 070 014 002 000 002 002 002 001 003 002 006 003
1 o_bullets:
   6 3
0 s_bullets:
post POST 000 001 070 014 002 000 002 002 002 001 003 001 006 004
1 o_bullets:
   6 4
0 s_bullets:
post POST 000 001 070 014 002 000 002 002 002 002 003 003 006 005
1 o_bullets:
   6 5
0 s_bullets:
post POST 000 001 070 014 002 000 002 002 002 002 003 003 006 006
1 o_bullets:
   6 6
0 s_bullets:
post POST 000 002 070 014 002 000 002 002 002 001 003 003 006 006 006 002
2 o_bullets:
   6 6
   6 2
0 s_bullets:
post POST 000 002 070 014 002 000 002 002 002 001 003 002 006 007 006 003
2 o_bullets:
   6 7
   6 3
0 s_bullets:
post POST 000 002 070 014 002 000 002 002 002 001 003 001 006 008 006 004
2 o_bullets:
   6 8
   6 4
0 s_bullets:
post POST 000 002 070 014 002 000 002 002 002 002 003 003 006 009 006 005
2 o_bullets:
   6 9
   6 5
0 s_bullets:
post POST 000 002 070 014 002 000 002 002 002 002 003 003 006 010 006 006
2 o_bullets:
   6 10
   6 6
0 s_bullets:
post POST 000 002 070 014 002 000 002 002 002 002 003 003 006 011 006 007
2 o_bullets:
   6 11
   6 7
0 s_bullets:
post POST 000 002 070 014 002 000 002 002 002 002 003 003 006 012 006 008
2 o_bullets:
   6 12
   6 8
0 s_bullets:
post POST 000 003 070 014 002 000 002 002 002 001 003 003 006 012 006 008 006 002
3 o_bullets:
   6 12
   6 8
   6 2
0 s_bullets:
post POST 000 003 070 014 002 000 002 002 002 001 003 002 006 013 006 009 006 003
3 o_bullets:
   6 13
   6 9
   6 3
0 s_bullets:
post POST 000 004 070 014 002 000 002 002 002 000 003 002 006 013 006 009 006 003 006 002
4 o_bullets:
   6 13
   6 9
   6 3
   6 2
0 s_bullets:
post POST 000 003 070 014 002 000 002 002 002 000 003 001 006 010 006 004 006 003
3 o_bullets:
   6 10
   6 4
   6 3
0 s_bullets:
post POST 000 003 070 014 002 000 002 002 002 001 003 003 006 011 006 005 006 004
3 o_bullets:
   6 11
   6 5
   6 4
0 s_bullets:
post POST 000 004 070 014 002 000 002 002 002 000 003 003 006 011 006 005 006 004 006 002
4 o_bullets:
   6 11
   6 5
   6 4
   6 2
0 s_bullets:
post POST 000 004 070 014 002 000 002 002 002 000 003 002 006 012 006 006 006 005 006 003
4 o_bullets:
   6 12
   6 6
   6 5
   6 3
0 s_bullets:
post POST 000 004 070 014 002 000 002 002 002 000 003 001 006 013 006 007 006 006 006 004
4 o_bullets:
   6 13
   6 7
   6 6
   6 4
0 s_bullets:
post POST 000 003 070 014 002 000 002 002 002 001 003 003 006 008 006 007 006 005
3 o_bullets:
   6 8
   6 7
   6 5
0 s_bullets:
post POST 000 004 070 014 002 000 002 002 002 000 003 003 006 008 006 007 006 005 006 002
4 o_bullets:
   6 8
   6 7
   6 5
   6 2
0 s_bullets:
post POST 000 004 070 014 002 000 002 002 002 000 003 002 006 009 006 008 006 006 006 003
4 o_bullets:
   6 9
   6 8
   6 6
   6 3
0 s_bullets:
post POST 000 004 070 014 002 000 002 002 002 000 003 001 006 010 006 009 006 007 006 004
4 o_bullets:
   6 10
   6 9
   6 7
   6 4
0 s_bullets:
post POST 000 004 070 014 002 000 002 002 002 001 003 003 006 011 006 010 006 008 006 005
4 o_bullets:
   6 11
   6 10
   6 8
   6 5
0 s_bullets:
post POST 000 004 070 014 002 000 002 002 002 001 003 002 006 012 006 011 006 009 006 006
4 o_bullets:
   6 12
   6 11
   6 9
   6 6
0 s_bullets:
post POST 000 004 070 014 002 000 002 002 002 001 003 001 006 013 006 012 006 010 006 007
4 o_bullets:
   6 13
   6 12
   6 10
   6 7
0 s_bullets:
post POST 000 003 070 014 002 000 002 002 002 002 003 003 006 013 006 011 006 008
3 o_bullets:
   6 13
   6 11
   6 8
0 s_bullets:
post POST 000 002 070 014 002 000 002 002 002 002 003 003 006 012 006 009
2 o_bullets:
   6 12
   6 9
0 s_bullets:
post POST 000 002 070 014 002 000 002 002 002 002 003 003 006 013 006 010
2 o_bullets:
   6 13
   6 10
0 s_bullets:
post POST 000 003 070 014 002 000 002 002 002 001 003 003 006 013 006 010 006 002
3 o_bullets:
   6 13
   6 10
   6 2
0 s_bullets:
post POST 000 002 070 014 002 000 002 002 002 001 003 002 006 011 006 003
2 o_bullets:
   6 11
   6 3
0 s_bullets:
post POST 000 003 070 014 002 000 002 002 002 000 003 002 006 011 006 003 006 002
3 o_bullets:
   6 11
   6 3
   6 2
0 s_bullets:
post POST 000 003 070 014 002 000 002 002 002 000 003 001 006 012 006 004 006 003
3 o_bullets:
   6 12
   6 4
   6 3
0 s_bullets:
post POST 000 003 070 014 002 000 002 002 002 000 003 001 006 012 006 004 006 003
3 o_bullets:
   6 12
   6 4
   6 3
0 s_bullets:
post POST 000 003 070 014 002 000 002 002 002 001 003 003 006 013 006 005 006 004
3 o_bullets:
   6 13
   6 5
   6 4
0 s_bullets:
post POST 000 002 070 014 002 000 002 002 002 001 003 002 006 006 006 005
2 o_bullets:
   6 6
   6 5
0 s_bullets:
post POST 000 003 070 014 002 000 002 002 002 000 003 002 006 006 006 005 006 002
3 o_bullets:
   6 6
   6 5
   6 2
0 s_bullets:
post POST 000 003 070 014 002 000 002 002 002 000 003 001 006 007 006 006 006 003
3 o_bullets:
   6 7
   6 6
   6 3
0 s_bullets:
post POST 000 003 070 014 002 000 002 002 002 001 003 003 006 008 006 007 006 004
3 o_bullets:
   6 8
   6 7
   6 4
0 s_bullets:
post POST 000 004 070 014 002 000 002 002 002 000 003 003 006 008 006 007 006 004 006 002
4 o_bullets:
   6 8
   6 7
   6 4
   6 2
0 s_bullets:
post POST 000 004 070 014 002 000 002 002 002 000 003 002 006 009 006 008 006 005 006 003
4 o_bullets:
   6 9
   6 8
   6 5
   6 3
0 s_bullets:
post POST 000 004 070 014 002 000 002 002 002 000 003 001 006 010 006 009 006 006 006 004
4 o_bullets:
   6 10
   6 9
   6 6
   6 4
0 s_bullets:
post POST 000 004 070 014 002 000 002 002 002 001 003 003 006 011 006 010 006 007 006 005
4 o_bullets:
   6 11
   6 10
   6 7
   6 5
0 s_bullets:
post POST 000 005 070 014 002 000 002 002 002 000 003 003 006 011 006 010 006 007 006 005 006 002
5 o_bullets:
   6 11
   6 10
   6 7
   6 5
   6 2
0 s_bullets:
post POST 000 005 070 014 002 000 002 002 002 000 003 002 006 012 006 011 006 008 006 006 006 003
5 o_bullets:
   6 12
   6 11
   6 8
   6 6
   6 3
0 s_bullets:
post POST 000 005 070 014 002 000 002 002 002 000 003 001 006 013 006 012 006 009 006 007 006 004
5 o_bullets:
   6 13
   6 12
   6 9
   6 7
   6 4
0 s_bullets:
post POST 000 004 070 014 002 000 002 002 002 001 003 003 006 013 006 010 006 008 006 005
4 o_bullets:
   6 13
   6 10
   6 8
   6 5
0 s_bullets:
post POST 000 005 070 014 002 000 002 002 002 000 003 003 006 013 006 010 006 008 006 005 006 002
5 o_bullets:
   6 13
   6 10
   6 8
   6 5
   6 2
0 s_bullets:
post POST 000 004 070 014 002 000 002 002 002 000 003 002 006 011 006 009 006 006 006 003
4 o_bullets:
   6 11
   6 9
   6 6
   6 3
0 s_bullets:
post POST 000 004 070 014 002 000 002 002 002 000 003 001 006 012 006 010 006 007 006 004
4 o_bullets:
   6 12
   6 10
   6 7
   6 4
0 s_bullets:
post POST 000 004 070 014 002 000 002 002 002 001 003 003 006 013 006 011 006 008 006 005
4 o_bullets:
   6 13
   6 11
   6 8
   6 5
0 s_bullets:
post POST 000 005 070 014 002 000 002 002 002 000 003 003 006 013 006 011 006 008 006 005 006 002
5 o_bullets:
   6 13
   6 11
   6 8
   6 5
   6 2
0 s_bullets:
post POST 000 004 070 014 002 000 002 002 002 000 003 002 006 012 006 009 006 006 006 003
4 o_bullets:
   6 12
   6 9
   6 6
   6 3
0 s_bullets:
post POST 000 004 070 014 002 000 002 002 002 000 003 001 006 013 006 010 006 007 006 004
4 o_bullets:
   6 13
   6 10
   6 7
   6 4
0 s_bullets:
post POST 000 003 070 014 002 000 002 002 002 001 003 003 006 011 006 008 006 005
3 o_bullets:
   6 11
   6 8
   6 5
0 s_bullets:
post POST 000 003 070 014 002 000 002 002 002 001 003 002 006 012 006 009 006 006
3 o_bullets:
   6 12
   6 9
   6 6
0 s_bullets:
post POST 000 003 070 014 002 000 002 002 002 001 003 001 006 013 006 010 006 007
3 o_bullets:
   6 13
   6 10
   6 7
0 s_bullets:
post POST 000 002 070 014 002 000 002 002 002 002 003 003 006 011 006 008
2 o_bullets:
   6 11
   6 8
0 s_bullets:
post POST 000 002 070 014 002 000 002 002 002 002 003 003 006 012 006 009
2 o_bullets:
   6 12
   6 9
0 s_bullets:
post POST 000 002 070 014 002 000 002 002 002 002 003 003 006 013 006 010
2 o_bullets:
   6 13
   6 10
0 s_bullets:
post POST 000 001 070 014 002 000 002 002 002 002 003 003 006 011
1 o_bullets:
   6 11
0 s_bullets:
post POST 000 001 070 014 002 000 002 002 002 002 003 003 006 012
1 o_bullets:
   6 12
0 s_bullets:
post POST 000 001 070 014 002 000 002 002 002 002 003 003 006 013
1 o_bullets:
   6 13
0 s_bullets:
post POST 000 000 070 014 002 000 002 002 002 002 003 003
0 o_bullets:
0 s_bullets:
post POST 000 000 070 014 002 000 002 002 002 002 003 003
0 o_bullets:
0 s_bullets:
post POST 000 000 070 014 002 000 002 002 002 002 003 003
0 o_bullets:
0 s_bullets:
post POST 000 000 070 014 002 000 002 002 002 002 003 003
0 o_bullets:
0 s_bullets:
post POST 000 000 070 014 002 000 002 002 002 002 003 003
0 o_bullets:
0 s_bullets:
post POST 000 000 070 014 002 000 002 002 002 002 003 003
0 o_bullets:
0 s_bullets:
post POST 000 000 070 014 002 000 002 002 002 002 003 003
0 o_bullets:
0 s_bullets:
post POST 000 000 070 014 002 000 002 002 002 002 003 003
0 o_bullets:
0 s_bullets:
post POST 000 000 070 014 002 000 002 002 002 002 003 003
0 o_bullets:
0 s_bullets:
post POST 000 000 070 014 002 000 002 002 002 002 003 003
0 o_bullets:
0 s_bullets:
post POST 000 000 070 014 002 000 002 002 002 002 003 003
0 o_bullets:
0 s_bullets:
post POST 000 000 070 014 002 000 002 002 002 002 003 003
0 o_bullets:
0 s_bullets:
post POST 000 000 070 014 002 000 002 002 002 002 003 003
0 o_bullets:
0 s_bullets:
post POST 000 000 070 014 002 000 002 002 002 002 003 003
0 o_bullets:
0 s_bullets:
post POST 000 000 070 014 002 000 002 002 002 002 003 003
0 o_bullets:
0 s_bullets:
post POST 000 000 070 014 002 000 002 002 002 002 003 003
0 o_bullets:
0 s_bullets:
post POST 000 000 070 014 002 000 002 002 002 002 003 003
0 o_bullets:
0 s_bullets:
post POST 000 000 070 014 002 000 002 002 002 002 003 003
0 o_bullets:
0 s_bullets:
post POST 000 000 070 014 002 000 002 002 002 002 003 003
0 o_bullets:
0 s_bullets:
post POST 000 000 070 014 002 000 002 002 002 002 003 003
0 o_bullets:
0 s_bullets:
post POST 000 000 070 014 002 000 002 002 002 002 003 003
0 o_bullets:
0 s_bullets:
post POST 000 000 070 014 002 000 002 002 002 002 003 003
0 o_bullets:
0 s_bullets:
post POST 000 000 070 014 002 000 002 002 002 002 003 003
0 o_bullets:
0 s_bullets:
post POST 000 000 070 014 002 000 002 002 002 002 003 003
0 o_bullets:
0 s_bullets:
post POST 000 000 070 014 002 000 002 002 002 002 003 003
0 o_bullets:
0 s_bullets:
post POST 000 000 070 014 002 000 002 002 002 002 003 003
0 o_bullets:
0 s_bullets:
post POST 000 000 070 014 002 000 002 002 002 002 003 003
0 o_bullets:
0 s_bullets:
post POST 000 000 070 014 002 000 002 002 002 002 003 003
0 o_bullets:
0 s_bullets:
post POST 000 000 070 014 002 000 002 002 002 002 003 003
0 o_bullets:
0 s_bullets:
post POST 000 000 070 014 002 000 002 002 002 002 003 003
0 o_bullets:
0 s_bullets:
post POST 000 000 070 014 002 000 002 002 002 002 003 003
0 o_bullets:
0 s_bullets:
post POST 000 000 070 014 002 000 002 002 002 002 003 003
0 o_bullets:
0 s_bullets:
post POST 000 000 070 014 002 000 002 002 002 002 003 003
0 o_bullets:
0 s_bullets:
post POST 000 000 070 014 002 000 002 002 002 002 003 003
0 o_bullets:
0 s_bullets:
post POST 000 000 070 014 002 000 002 002 002 002 003 003
0 o_bullets:
0 s_bullets:
post POST 000 000 070 014 002 000 002 002 002 002 003 003
0 o_bullets:
0 s_bullets:
post POST 000 000 070 014 002 000 002 002 002 002 003 003
0 o_bullets:
0 s_bullets:
post POST 000 000 070 014 002 000 002 002 002 002 003 003
0 o_bullets:
0 s_bullets:
post POST 000 000 070 014 002 000 002 002 002 002 003 003
0 o_bullets:
0 s_bullets:
post POST 000 000 070 014 002 000 002 002 002 002 003 003
0 o_bullets:
0 s_bullets:
post POST 000 000 070 014 002 000 002 002 002 002 003 003
0 o_bullets:
0 s_bullets:
post POST 000 000 070 014 002 000 002 002 002 002 003 003
0 o_bullets:
0 s_bullets:
post POST 000 000 070 014 002 000 002 002 002 002 003 003
0 o_bullets:
0 s_bullets:
post POST 000 000 070 014 002 000 002 002 002 002 003 003
0 o_bullets:
0 s_bullets:
post POST 000 000 070 014 002 000 002 002 002 002 003 003
0 o_bullets:
0 s_bullets:
post POST 000 000 070 014 002 000 002 002 002 002 003 003
0 o_bullets:
0 s_bullets:
post POST 000 000 070 014 003 000 002 002 002 002 003 003
0 o_bullets:
0 s_bullets:
post POST 000 000 070 014 003 000 002 002 002 002 003 003
0 o_bullets:
0 s_bullets:
post POST 000 000 070 014 004 000 002 002 002 002 003 003
0 o_bullets:
0 s_bullets:
post POST 000 000 070 014 005 000 002 002 002 002 003 003
0 o_bullets:
0 s_bullets:
post POST 000 000 070 014 006 000 002 002 002 002 003 003
0 o_bullets:
0 s_bullets:
post POST 000 000 070 014 007 000 002 002 002 002 003 003
0 o_bullets:
0 s_bullets:
post POST 000 000 070 014 008 000 002 002 002 002 003 003
0 o_bullets:
0 s_bullets:
post POST 000 000 070 014 009 000 002 002 002 002 003 003
0 o_bullets:
0 s_bullets:
post POST 000 000 070 014 010 000 002 002 002 002 003 003
0 o_bullets:
0 s_bullets:
post POST 000 000 070 014 011 000 002 002 002 002 003 003
0 o_bullets:
0 s_bullets:
post POST 000 000 070 014 012 000 002 002 002 002 003 003
0 o_bullets:
0 s_bullets:
post POST 000 000 070 014 013 000 002 002 002 002 003 003
0 o_bullets:
0 s_bullets:
post POST 000 000 070 014 014 000 002 002 002 002 003 003
0 o_bullets:
0 s_bullets:
post POST 000 000 070 014 015 000 002 002 002 002 003 003
0 o_bullets:
0 s_bullets:
post POST 000 000 070 014 016 000 002 002 002 002 003 003
0 o_bullets:
0 s_bullets:
post POST 000 000 070 014 017 000 002 002 002 002 003 003
0 o_bullets:
0 s_bullets:
post POST 000 000 070 014 018 000 002 002 002 002 003 003
0 o_bullets:
0 s_bullets:
post POST 000 000 070 014 019 000 002 002 002 002 003 003
0 o_bullets:
0 s_bullets:
post POST 000 000 070 014 020 000 002 002 002 002 003 003
0 o_bullets:
0 s_bullets:
post POST 000 000 070 014 021 000 002 002 002 002 003 003
0 o_bullets:
0 s_bullets:
post POST 000 000 070 014 022 000 002 002 002 002 003 003
0 o_bullets:
0 s_bullets:
post POST 000 000 070 014 023 000 002 002 002 002 003 003
0 o_bullets:
0 s_bullets:
post POST 000 000 070 014 024 000 002 002 002 002 003 003
0 o_bullets:
0 s_bullets:
post POST 000 000 070 014 025 000 002 002 002 002 003 003
0 o_bullets:
0 s_bullets:
post POST 000 000 070 014 025 001 002 002 002 002 003 003
0 o_bullets:
0 s_bullets:
post POST 000 000 070 014 025 002 002 002 002 002 003 003
0 o_bullets:
0 s_bullets:
post POST 000 000 070 014 025 002 002 002 002 002 003 003
0 o_bullets:
0 s_bullets:
post POST 000 000 070 014 025 003 002 002 002 002 003 003
0 o_bullets:
0 s_bullets:
post POST 000 000 070 014 025 004 002 002 002 002 003 003
0 o_bullets:
0 s_bullets:
post POST 000 000 070 014 026 004 002 002 002 002 003 003
0 o_bullets:
0 s_bullets:
post POST 000 000 070 014 027 004 002 002 002 002 003 003
0 o_bullets:
0 s_bullets:
post POST 000 000 070 014 028 004 002 002 002 002 003 003
0 o_bullets:
0 s_bullets:
post POST 000 000 070 014 029 004 002 002 002 002 003 003
0 o_bullets:
0 s_bullets:
post POST 000 000 070 014 030 004 002 002 002 002 003 003
0 o_bullets:
0 s_bullets:
post POST 000 000 070 014 030 004 002 002 002 002 003 003
0 o_bullets:
0 s_bullets:
post POST 000 000 070 014 031 004 002 002 002 002 003 003
0 o_bullets:
0 s_bullets:
post POST 000 000 070 014 032 004 002 002 002 002 003 003
0 o_bullets:
0 s_bullets:
post POST 000 000 070 014 033 004 002 002 002 002 003 003
0 o_bullets:
0 s_bullets:
post POST 000 000 070 014 034 004 002 002 002 002 003 003
0 o_bullets:
0 s_bullets:
post POST 000 000 070 014 035 004 002 002 002 002 003 003
0 o_bullets:
0 s_bullets:
post POST 000 000 070 014 036 004 002 002 002 002 003 003
0 o_bullets:
0 s_bullets:
post POST 000 000 070 014 037 004 002 002 002 002 003 003
0 o_bullets:
0 s_bullets:
post POST 000 000 070 014 038 004 002 002 002 002 003 003
0 o_bullets:
0 s_bullets:
post POST 000 000 070 014 039 004 002 002 002 002 003 003
0 o_bullets:
0 s_bullets:
post POST 000 000 070 014 040 004 002 002 002 002 003 003
0 o_bullets:
0 s_bullets:
post POST 000 000 070 014 041 004 002 002 002 002 003 003
0 o_bullets:
0 s_bullets:
post POST 000 000 070 014 042 004 002 002 002 002 003 003
0 o_bullets:
0 s_bullets:
post POST 000 000 070 014 043 004 002 002 002 002 003 003
0 o_bullets:
0 s_bullets:
post POST 000 000 070 014 044 004 002 002 002 002 003 003
0 o_bullets:
0 s_bullets:
post POST 000 000 070 014 045 004 002 002 002 002 003 003
0 o_bullets:
0 s_bullets:
post POST 000 000 070 014 046 004 002 002 002 002 003 003
0 o_bullets:
0 s_bullets:
post POST 000 000 070 014 047 004 002 002 002 002 003 003
0 o_bullets:
0 s_bullets:
post POST 000 000 070 014 048 004 002 002 002 002 003 003
0 o_bullets:
0 s_bullets:
post POST 000 000 070 014 049 004 002 002 002 002 003 003
0 o_bullets:
0 s_bullets:
post POST 000 000 070 014 050 004 002 002 002 002 003 003
0 o_bullets:
0 s_bullets:
post POST 000 000 070 014 051 004 002 002 002 002 003 003
0 o_bullets:
0 s_bullets:
post POST 000 000 070 014 052 004 002 002 002 002 003 003
0 o_bullets:
0 s_bullets:
post POST 000 000 070 014 053 004 002 002 002 002 003 003
0 o_bullets:
0 s_bullets:
post POST 000 000 070 014 054 004 002 002 002 002 003 003
0 o_bullets:
0 s_bullets:
post POST 000 000 070 014 055 004 002 002 002 002 003 003
0 o_bullets:
0 s_bullets:
post POST 000 000 070 014 056 004 002 002 002 002 003 003
0 o_bullets:
0 s_bullets:
post POST 000 000 070 014 057 004 002 002 002 002 003 003
0 o_bullets:
0 s_bullets:
post POST 000 000 070 014 058 004 002 002 002 002 003 003
0 o_bullets:
0 s_bullets:
post POST 000 000 070 014 059 004 002 002 002 002 003 003
0 o_bullets:
0 s_bullets:
post POST 000 000 070 014 059 003 002 002 002 002 003 003
0 o_bullets:
0 s_bullets:
post POST 000 000 070 014 059 003 002 002 002 002 003 003
0 o_bullets:
0 s_bullets:
post POST 000 000 070 014 059 002 002 002 002 002 003 003
0 o_bullets:
0 s_bullets:
post POST 000 000 070 014 059 001 002 002 002 002 003 003
0 o_bullets:
0 s_bullets:
post POST 000 000 070 014 059 000 002 002 002 002 003 003
0 o_bullets:
0 s_bullets:
post POST 000 000 070 014 059 000 002 002 002 002 003 003
0 o_bullets:
0 s_bullets:
post POST 000 000 070 014 059 000 002 002 002 002 003 003
0 o_bullets:
0 s_bullets:
post POST 000 000 070 014 059 000 002 002 002 002 003 003
0 o_bullets:
0 s_bullets:
post POST 000 000 070 014 059 000 002 002 002 002 003 003
0 o_bullets:
0 s_bullets:
post POST 000 000 070 014 059 000 002 002 002 002 003 003
0 o_bullets:
0 s_bullets:
post POST 000 000 070 014 059 000 002 002 002 002 003 003
0 o_bullets:
0 s_bullets:
post POST 000 000 070 014 059 000 002 002 002 002 003 003
0 o_bullets:
0 s_bullets:
post POST 000 000 070 014 059 000 002 002 002 002 003 003
0 o_bullets:
0 s_bullets:
post POST 000 000 070 014 059 000 002 002 002 002 003 003POST 000 000 070 014 059 000 002 002 002 002 003 003POST 000 000 070 014 058 000 002 002 002 002 003 003
0 o_bullets:
0 s_bullets:
post POST 000 000 070 014 058 000 002 002 002 002 003 003
0 o_bullets:
0 s_bullets:
post POST 000 000 070 014 057 000 002 002 002 002 003 003
0 o_bullets:
0 s_bullets:
post POST 000 000 070 014 056 000 002 002 002 002 003 003
0 o_bullets:
0 s_bullets:
post POST 000 000 070 014 055 000 002 002 002 002 003 003
0 o_bullets:
0 s_bullets:
post POST 000 000 070 014 054 000 002 002 002 002 003 003
0 o_bullets:
0 s_bullets:
post POST 000 000 070 014 053 000 002 002 002 002 003 003
0 o_bullets:
0 s_bullets:
post POST 000 000 070 014 052 000 002 002 002 002 003 003
0 o_bullets:
0 s_bullets:
post POST 000 000 070 014 051 000 002 002 002 002 003 003
0 o_bullets:
0 s_bullets:
post POST 000 000 070 014 050 000 002 002 002 002 003 003
0 o_bullets:
0 s_bullets:
post POST 000 000 070 014 049 000 002 002 002 002 003 003
0 o_bullets:
0 s_bullets:
post POST 000 000 070 014 048 000 002 002 002 002 003 003
0 o_bullets:
0 s_bullets:
post POST 000 000 070 014 047 000 002 002 002 002 003 003
0 o_bullets:
0 s_bullets:
post POST 000 000 070 014 046 000 002 002 002 002 003 003
0 o_bullets:
0 s_bullets:
post POST 000 000 070 014 045 000 002 002 002 002 003 003
0 o_bullets:
0 s_bullets:
post POST 000 000 070 014 044 000 002 002 002 002 003 003
0 o_bullets:
0 s_bullets:
post POST 000 000 070 014 043 000 002 002 002 002 003 003
0 o_bullets:
0 s_bullets:
post POST 000 000 070 014 042 000 002 002 002 002 003 003
0 o_bullets:
0 s_bullets:
post POST 000 000 070 014 041 000 002 002 002 002 003 003
0 o_bullets:
0 s_bullets:
post POST 000 000 070 014 040 000 002 002 002 002 003 003
0 o_bullets:
0 s_bullets:
post POST 000 000 070 014 039 000 002 002 002 002 003 003
0 o_bullets:
0 s_bullets:
post POST 000 000 070 014 038 000 002 002 002 002 003 003
0 o_bullets:
0 s_bullets:
post POST 000 000 070 014 037 000 002 002 002 002 003 003
0 o_bullets:
0 s_bullets:
post POST 000 000 070 014 036 000 002 002 002 002 003 003
0 o_bullets:
0 s_bullets:
post POST 000 000 070 014 035 000 002 002 002 002 003 003
0 o_bullets:
0 s_bullets:
post POST 000 000 070 014 034 000 002 002 002 002 003 003
0 o_bullets:
0 s_bullets:
post POST 000 000 070 014 033 000 002 002 002 002 003 003
0 o_bullets:
0 s_bullets:
post POST 000 000 070 014 033 000 002 002 002 002 003 003
0 o_bullets:
0 s_bullets:
post POST 000 000 070 014 032 000 002 002 002 002 003 003
0 o_bullets:
0 s_bullets:
post POST 000 000 070 014 031 000 002 002 002 002 003 003
0 o_bullets:
0 s_bullets:
post POST 000 000 070 014 030 000 002 002 002 002 003 003
0 o_bullets:
0 s_bullets:
post POST 000 000 070 014 029 000 002 002 002 002 003 003
0 o_bullets:
0 s_bullets:
post POST 000 000 070 014 028 000 002 002 002 002 003 003
0 o_bullets:
0 s_bullets:
post POST 000 000 070 014 027 000 002 002 002 002 003 003
0 o_bullets:
0 s_bullets:
post POST 000 000 070 014 026 000 002 002 002 002 003 003
0 o_bullets:
0 s_bullets:
post POST 000 000 070 014 025 000 002 002 002 002 003 003
0 o_bullets:
0 s_bullets:
post POST 000 000 070 014 024 000 002 002 002 002 003 003
0 o_bullets:
0 s_bullets:
post POST 000 000 070 014 023 000 002 002 002 002 003 003
0 o_bullets:
0 s_bullets:
post POST 000 000 070 014 022 000 002 002 002 002 003 003
0 o_bullets:
0 s_bullets:
post POST 000 000 070 014 021 000 002 002 002 002 003 003
0 o_bullets:
0 s_bullets:
post POST 000 000 070 014 020 000 002 002 002 002 003 003
0 o_bullets:
0 s_bullets:
post POST 000 000 070 014 019 000 002 002 002 002 003 003
0 o_bullets:
0 s_bullets:
post POST 000 000 070 014 018 000 002 002 002 002 003 003
0 o_bullets:
0 s_bullets:
post POST 000 000 070 014 017 000 002 002 002 002 003 003
0 o_bullets:
0 s_bullets:
post POST 000 000 070 014 016 000 002 002 002 002 003 003
0 o_bullets:
0 s_bullets:
post POST 000 000 070 014 015 000 002 002 002 002 003 003
0 o_bullets:
0 s_bullets:
post POST 000 000 070 014 014 000 002 002 002 002 003 003
0 o_bullets:
0 s_bullets:
post POST 000 000 070 014 013 000 002 002 002 002 003 003
0 o_bullets:
0 s_bullets:
post POST 000 000 070 014 012 000 002 002 002 002 003 003
0 o_bullets:
0 s_bullets:
post POST 000 000 070 014 012 001 002 002 002 002 003 003
0 o_bullets:
0 s_bullets:
post POST 000 000 070 014 012 002 002 002 002 002 003 003
0 o_bullets:
0 s_bullets:
post POST 000 000 070 014 012 003 002 002 002 002 003 003
0 o_bullets:
0 s_bullets:
post POST 000 000 070 014 012 003 002 002 002 002 003 003
0 o_bullets:
0 s_bullets:
post POST 000 000 070 014 012 004 002 002 002 002 003 003
0 o_bullets:
0 s_bullets:
post POST 000 000 070 014 013 004 002 002 002 002 003 003
0 o_bullets:
0 s_bullets:
post POST 000 000 070 014 014 004 002 002 002 002 003 003
0 o_bullets:
0 s_bullets:
post POST 000 000 070 014 014 004 002 002 002 002 003 003
0 o_bullets:
0 s_bullets:
post POST 000 000 070 014 015 004 002 002 002 002 003 003
0 o_bullets:
0 s_bullets:
post POST 000 000 070 014 016 004 002 002 002 002 003 003
0 o_bullets:
0 s_bullets:
post POST 000 000 070 014 017 004 002 002 002 002 003 003
0 o_bullets:
0 s_bullets:
post POST 000 000 070 014 018 004 002 002 002 002 003 003
0 o_bullets:
0 s_bullets:
post POST 000 000 070 014 019 004 002 002 002 002 003 003
0 o_bullets:
0 s_bullets:
post POST 000 000 070 014 020 004 002 002 002 002 003 003
0 o_bullets:
0 s_bullets:
post POST 000 000 070 014 021 004 002 002 002 002 003 003
0 o_bullets:
0 s_bullets:
post POST 000 000 070 014 022 004 002 002 002 002 003 003
0 o_bullets:
0 s_bullets:
post POST 000 000 070 014 023 004 002 002 002 002 003 003
0 o_bullets:
0 s_bullets:
post POST 000 000 070 014 024 004 002 002 002 002 003 003
0 o_bullets:
0 s_bullets:
post POST 000 000 070 014 025 004 002 002 002 002 003 003
0 o_bullets:
0 s_bullets:
post POST 000 000 070 014 026 004 002 002 002 002 003 003
0 o_bullets:
0 s_bullets:
post POST 000 000 070 014 027 004 002 002 002 002 003 003
0 o_bullets:
0 s_bullets:
post POST 000 000 070 014 028 004 002 002 002 002 003 003
0 o_bullets:
0 s_bullets:
post POST 000 000 070 014 029 004 002 002 002 002 003 003
0 o_bullets:
0 s_bullets:
post POST 000 000 070 014 030 004 002 002 002 002 003 003
0 o_bullets:
0 s_bullets:
post POST 000 000 070 014 031 004 002 002 002 002 003 003
0 o_bullets:
0 s_bullets:
post POST 000 000 070 014 032 004 002 002 002 002 003 003
0 o_bullets:
0 s_bullets:
post POST 000 000 070 014 033 004 002 002 002 002 003 003
0 o_bullets:
0 s_bullets:
post POST 000 000 070 014 034 004 002 002 002 002 003 003
0 o_bullets:
0 s_bullets:
post POST 000 000 070 014 035 004 002 002 002 002 003 003
0 o_bullets:
0 s_bullets:
post POST 000 000 070 014 036 004 002 002 002 002 003 003
0 o_bullets:
0 s_bullets:
post POST 000 000 070 014 037 004 002 002 002 002 003 003
0 o_bullets:
0 s_bullets:
post POST 000 000 070 014 038 004 002 002 002 002 003 003
0 o_bullets:
0 s_bullets:
post POST 000 000 070 014 039 004 002 002 002 002 003 003
0 o_bullets:
0 s_bullets:
post POST 000 000 070 014 040 004 002 002 002 002 003 003
0 o_bullets:
0 s_bullets:
post POST 000 000 070 014 041 004 002 002 002 002 003 003
0 o_bullets:
0 s_bullets:
post POST 000 000 070 014 042 004 002 002 002 002 003 003
0 o_bullets:
0 s_bullets:
post POST 000 000 070 014 043 004 002 002 002 002 003 003
0 o_bullets:
0 s_bullets:
post POST 000 000 070 014 044 004 002 002 002 002 003 003
0 o_bullets:
0 s_bullets:
post POST 000 000 070 014 045 004 002 002 002 002 003 003
0 o_bullets:
0 s_bullets:
post POST 000 000 070 014 046 004 002 002 002 002 003 003
0 o_bullets:
0 s_bullets:
post POST 000 000 070 014 047 004 002 002 002 002 003 003
0 o_bullets:
0 s_bullets:
post POST 000 000 070 014 048 004 002 002 002 002 003 003
0 o_bullets:
0 s_bullets:
post POST 000 000 070 014 048 004 002 002 002 002 003 003
0 o_bullets:
0 s_bullets:
post POST 000 000 070 014 049 004 002 002 002 002 003 003
0 o_bullets:
0 s_bullets:
post POST 000 000 070 014 050 004 002 002 002 002 003 003
0 o_bullets:
0 s_bullets:
post POST 000 000 070 014 049 004 002 002 002 002 003 003
0 o_bullets:
0 s_bullets:
post POST 000 000 070 014 048 004 002 002 002 002 003 003
0 o_bullets:
0 s_bullets:
post POST 000 000 070 014 047 004 002 002 002 002 003 003
0 o_bullets:
0 s_bullets:
post POST 000 000 070 014 046 004 002 002 002 002 003 003
0 o_bullets:
0 s_bullets:
post POST 000 000 070 014 045 004 002 002 002 002 003 003
0 o_bullets:
0 s_bullets:
post POST 000 000 070 014 044 004 002 002 002 002 003 003
0 o_bullets:
0 s_bullets:
post POST 000 000 070 014 043 004 002 002 002 002 003 003
0 o_bullets:
0 s_bullets:
post POST 000 000 070 014 043 004 002 002 002 002 003 003
0 o_bullets:
0 s_bullets:
post POST 000 000 070 014 042 004 002 002 002 002 003 003
0 o_bullets:
0 s_bullets:
post POST 000 000 070 014 041 004 002 002 002 002 003 003
0 o_bullets:
0 s_bullets:
post POST 000 000 070 014 040 004 002 002 002 002 003 003
0 o_bullets:
0 s_bullets:
post POST 000 000 070 014 039 004 002 002 002 002 003 003
0 o_bullets:
0 s_bullets:
post POST 000 000 070 014 038 004 002 002 002 002 003 003
0 o_bullets:
0 s_bullets:
post POST 000 000 070 014 037 004 002 002 002 002 003 003
0 o_bullets:
0 s_bullets:
post POST 000 000 070 014 036 004 002 002 002 002 003 003
0 o_bullets:
0 s_bullets:
post POST 000 000 070 014 035 004 002 002 002 002 003 003
0 o_bullets:
0 s_bullets:
post POST 000 000 070 014 034 004 002 002 002 002 003 003
0 o_bullets:
0 s_bullets:
post POST 000 000 070 014 033 004 002 002 002 002 003 003
0 o_bullets:
0 s_bullets:
post POST 000 000 070 014 032 004 002 002 002 002 003 003
0 o_bullets:
0 s_bullets:
post POST 000 000 070 014 031 004 002 002 002 002 003 003
0 o_bullets:
0 s_bullets:
post POST 000 000 070 014 030 004 002 002 002 002 003 003
0 o_bullets:
0 s_bullets:
post POST 000 000 070 014 029 004 002 002 002 002 003 003
0 o_bullets:
0 s_bullets:
post POST 000 000 070 014 028 004 002 002 002 002 003 003
0 o_bullets:
0 s_bullets:
post POST 000 000 070 014 027 004 002 002 002 002 003 003
0 o_bullets:
0 s_bullets:
post POST 000 000 070 014 026 004 002 002 002 002 003 003
0 o_bullets:
0 s_bullets:
post POST 000 000 070 014 025 004 002 002 002 002 003 003
0 o_bullets:
0 s_bullets:
post POST 000 000 070 014 024 004 002 002 002 002 003 003
0 o_bullets:
0 s_bullets:
post POST 000 000 070 014 023 004 002 002 002 002 003 003
0 o_bullets:
0 s_bullets:
post POST 000 000 070 014 022 004 002 002 002 002 003 003
0 o_bullets:
0 s_bullets:
post POST 000 000 070 014 021 004 002 002 002 002 003 003
0 o_bullets:
0 s_bullets:
post POST 000 000 070 014 020 004 002 002 002 002 003 003
0 o_bullets:
0 s_bullets:
post POST 000 000 070 014 019 004 002 002 002 002 003 003
0 o_bullets:
0 s_bullets:
post POST 000 000 070 014 018 004 002 002 002 002 003 003
0 o_bullets:
0 s_bullets:
post POST 000 000 070 014 017 004 002 002 002 002 003 003
0 o_bullets:
0 s_bullets:
post POST 000 000 070 014 016 004 002 002 002 002 003 003
0 o_bullets:
0 s_bullets:
post POST 000 000 070 014 015 004 002 002 002 002 003 003
0 o_bullets:
0 s_bullets:
post POST 000 000 070 014 014 004 002 002 002 002 003 003
0 o_bullets:
0 s_bullets:
post POST 000 000 070 014 013 004 002 002 002 002 003 003
0 o_bullets:
0 s_bullets:
post POST 000 000 070 014 012 004 002 002 002 002 003 003
0 o_bullets:
0 s_bullets:
post POST 000 000 070 014 011 004 002 002 002 002 003 003
0 o_bullets:
0 s_bullets:
post POST 000 000 070 014 010 004 002 002 002 002 003 003
0 o_bullets:
0 s_bullets:
post POST 000 000 070 014 010 004 002 002 002 002 003 003
0 o_bullets:
0 s_bullets:
post POST 000 000 070 014 009 004 002 002 002 002 003 003
0 o_bullets:
0 s_bullets:
post POST 000 000 070 014 008 004 002 002 002 002 003 003
0 o_bullets:
0 s_bullets:
post POST 000 000 070 014 007 004 002 002 002 002 003 003
0 o_bullets:
0 s_bullets:
post POST 000 000 070 014 006 004 002 002 002 002 003 003
0 o_bullets:
0 s_bullets:
post POST 000 000 070 014 005 004 002 002 002 002 003 003
0 o_bullets:
0 s_bullets:
post POST 000 000 070 014 004 004 002 002 002 002 003 003
0 o_bullets:
0 s_bullets:
post POST 000 000 070 014 005 004 002 002 002 002 003 003
0 o_bullets:
0 s_bullets:
post POST 000 000 070 014 006 004 002 002 002 002 003 003
0 o_bullets:
0 s_bullets:
post POST 000 000 070 014 007 004 002 002 002 002 003 003
0 o_bullets:
0 s_bullets:
post POST 000 000 070 014 008 004 002 002 002 002 003 003
0 o_bullets:
0 s_bullets:
post POST 000 000 070 014 009 004 002 002 002 002 003 003
0 o_bullets:
0 s_bullets:
post POST 000 000 070 014 010 004 002 002 002 002 003 003
0 o_bullets:
0 s_bullets:
post POST 000 000 070 014 011 004 002 002 002 002 003 003
0 o_bullets:
0 s_bullets:
post POST 000 000 070 014 012 004 002 002 002 002 003 003
0 o_bullets:
0 s_bullets:
post POST 000 000 070 014 013 004 002 002 002 002 003 003
0 o_bullets:
0 s_bullets:
post POST 000 000 070 014 014 004 002 002 002 002 003 003
0 o_bullets:
0 s_bullets:
post POST 000 000 070 014 015 004 002 002 002 002 003 003
0 o_bullets:
0 s_bullets:
post POST 000 000 070 014 016 004 002 002 002 002 003 003
0 o_bullets:
0 s_bullets:
post POST 000 000 070 014 017 004 002 002 002 002 003 003
0 o_bullets:
0 s_bullets:
post POST 000 000 070 014 017 004 002 002 002 002 003 003
0 o_bullets:
0 s_bullets:
post POST 000 000 070 014 018 004 002 002 002 002 003 003
0 o_bullets:
0 s_bullets:
post POST 000 000 070 014 019 004 002 002 002 002 003 003
0 o_bullets:
0 s_bullets:
post POST 000 000 070 014 020 004 002 002 002 002 003 003
0 o_bullets:
0 s_bullets:
post POST 000 000 070 014 021 004 002 002 002 002 003 003
0 o_bullets:
0 s_bullets:
post POST 000 000 070 014 022 004 002 002 002 002 003 003
0 o_bullets:
0 s_bullets:
post POST 000 000 070 014 023 004 002 002 002 002 003 003
0 o_bullets:
0 s_bullets:
post POST 000 000 070 014 024 004 002 002 002 002 003 003
0 o_bullets:
0 s_bullets:
post POST 000 000 070 014 025 004 002 002 002 002 003 003
0 o_bullets:
0 s_bullets:
post POST 000 000 070 014 026 004 002 002 002 002 003 003
0 o_bullets:
0 s_bullets:
post POST 000 000 070 014 027 004 002 002 002 002 003 003
0 o_bullets:
0 s_bullets:
post POST 000 000 070 014 028 004 002 002 002 002 003 003
0 o_bullets:
0 s_bullets:
post POST 000 000 070 014 029 004 002 002 002 002 003 003
0 o_bullets:
0 s_bullets:
post POST 000 000 070 014 030 004 002 002 002 002 003 003
0 o_bullets:
0 s_bullets:
post POST 000 000 070 014 031 004 002 002 002 002 003 003
0 o_bullets:
0 s_bullets:
post POST 000 000 070 014 032 004 002 002 002 002 003 003
0 o_bullets:
0 s_bullets:
post POST 000 000 070 014 033 004 002 002 002 002 003 003
0 o_bullets:
0 s_bullets:
post POST 000 000 070 014 034 004 002 002 002 002 003 003
0 o_bullets:
0 s_bullets:
post POST 000 000 070 014 035 004 002 002 002 002 003 003
0 o_bullets:
0 s_bullets:
post POST 000 000 070 014 036 004 002 002 002 002 003 003
0 o_bullets:
0 s_bullets:
post POST 000 000 070 014 037 004 002 002 002 002 003 003
0 o_bullets:
0 s_bullets:
post POST 000 000 070 014 037 005 002 002 002 002 003 003
0 o_bullets:
0 s_bullets:
post POST 000 000 070 014 037 006 002 002 002 002 003 003
0 o_bullets:
0 s_bullets:
post POST 000 000 070 014 037 006 002 002 002 002 003 003
0 o_bullets:
0 s_bullets:
post POST 000 000 070 014 037 007 002 002 002 002 003 003
0 o_bullets:
0 s_bullets:
post POST 000 000 070 014 037 008 002 002 002 002 003 003
0 o_bullets:
0 s_bullets:
post POST 000 000 070 014 037 009 002 002 002 002 003 003
0 o_bullets:
0 s_bullets:
post POST 000 000 070 014 038 009 002 002 002 002 003 003
0 o_bullets:
0 s_bullets:
post POST 000 000 070 014 038 009 002 002 002 002 003 003
0 o_bullets:
0 s_bullets:
post POST 000 000 070 014 039 009 002 002 002 002 003 003
0 o_bullets:
0 s_bullets:
post POST 000 000 070 014 040 009 002 002 002 002 003 003
0 o_bullets:
0 s_bullets:
post POST 000 000 070 014 041 009 002 002 002 002 003 003
0 o_bullets:
0 s_bullets:
post POST 000 000 070 014 042 009 002 002 002 002 003 003
0 o_bullets:
0 s_bullets:
post POST 000 000 070 014 043 009 002 002 002 002 003 003
0 o_bullets:
0 s_bullets:
post POST 000 000 070 014 044 009 002 002 002 002 003 003
0 o_bullets:
0 s_bullets:
post POST 000 000 070 014 045 009 002 002 002 002 003 003
0 o_bullets:
0 s_bullets:
post POST 000 000 070 014 046 009 002 002 002 002 003 003
0 o_bullets:
0 s_bullets:
post POST 000 000 070 014 047 009 002 002 002 002 003 003
0 o_bullets:
0 s_bullets:
post POST 000 000 070 014 048 009 002 002 002 002 003 003
0 o_bullets:
0 s_bullets:
post POST 000 000 070 014 049 009 002 002 002 002 003 003
0 o_bullets:
0 s_bullets:
post POST 000 000 070 014 050 009 002 002 002 002 003 003
0 o_bullets:
0 s_bullets:
post POST 000 000 070 014 051 009 002 002 002 002 003 003
0 o_bullets:
0 s_bullets:
post POST 000 000 070 014 052 009 002 002 002 002 003 003
0 o_bullets:
0 s_bullets:
post POST 000 000 070 014 053 009 002 002 002 002 003 003
0 o_bullets:
0 s_bullets:
post POST 000 000 070 014 054 009 002 002 002 002 003 003
0 o_bullets:
0 s_bullets:
post POST 000 000 070 014 055 009 002 002 002 002 003 003
0 o_bullets:
0 s_bullets:
post POST 000 000 070 014 056 009 002 002 002 002 003 003
0 o_bullets:
0 s_bullets:
post POST 000 000 070 014 056 008 002 002 002 002 003 003
0 o_bullets:
0 s_bullets:
post POST 000 000 070 014 056 008 002 002 002 002 003 003
0 o_bullets:
0 s_bullets:
post POST 000 000 070 014 056 007 002 002 002 002 003 003
0 o_bullets:
0 s_bullets:
post POST 000 000 070 014 056 006 002 002 002 002 003 003
0 o_bullets:
0 s_bullets:
post POST 000 000 070 014 056 005 002 002 002 002 003 003
0 o_bullets:
0 s_bullets:
post POST 000 000 070 014 056 004 002 002 002 002 003 003
0 o_bullets:
0 s_bullets:
post POST 000 000 070 014 056 003 002 002 002 002 003 003
0 o_bullets:
0 s_bullets:
post POST 000 000 070 014 056 002 002 002 002 002 003 003
0 o_bullets:
0 s_bullets:
post POST 000 000 070 014 056 001 002 002 002 002 003 003
0 o_bullets:
0 s_bullets:
post POST 000 000 070 014 056 000 002 002 002 002 003 003
0 o_bullets:
0 s_bullets:
post POST 000 000 070 014 056 000 002 002 002 002 003 003
0 o_bullets:
0 s_bullets:
post POST 000 000 070 014 056 000 002 002 002 002 003 003
0 o_bullets:
0 s_bullets:
post POST 000 000 070 014 056 000 002 002 002 002 003 003
0 o_bullets:
0 s_bullets:
post POST 000 000 070 014 056 000 002 002 002 002 003 003
0 o_bullets:
0 s_bullets:
post POST 000 000 070 014 056 000 002 002 002 002 003 003
0 o_bullets:
0 s_bullets:
post POST 000 000 070 014 056 000 002 002 002 002 003 003
0 o_bullets:
0 s_bullets:
post POST 000 000 070 014 055 000 002 002 002 002 003 003
0 o_bullets:
0 s_bullets:
post POST 000 000 070 014 054 000 002 002 002 002 003 003
0 o_bullets:
0 s_bullets:
post POST 000 000 070 014 053 000 002 002 002 002 003 003
0 o_bullets:
0 s_bullets:
post POST 000 000 070 014 053 000 002 002 002 002 003 003
0 o_bullets:
0 s_bullets:
post POST 000 000 070 014 052 000 002 002 002 002 003 003
0 o_bullets:
0 s_bullets:
post POST 000 000 070 014 051 000 002 002 002 002 003 003
0 o_bullets:
0 s_bullets:
post POST 000 000 070 014 050 000 002 002 002 002 003 003
0 o_bullets:
0 s_bullets:
post POST 000 000 070 014 049 000 002 002 002 002 003 003
0 o_bullets:
0 s_bullets:
post POST 000 000 070 014 048 000 002 002 002 002 003 003
0 o_bullets:
0 s_bullets:
post POST 000 000 070 014 047 000 002 002 002 002 003 003
0 o_bullets:
0 s_bullets:
post POST 000 000 070 014 046 000 002 002 002 002 003 003
0 o_bullets:
0 s_bullets:
post POST 000 000 070 014 045 000 002 002 002 002 003 003
0 o_bullets:
0 s_bullets:
post POST 000 000 070 014 044 000 002 002 002 002 003 003
0 o_bullets:
0 s_bullets:
post POST 000 000 070 014 043 000 002 002 002 002 003 003
0 o_bullets:
0 s_bullets:
post POST 000 000 070 014 042 000 002 002 002 002 003 003
0 o_bullets:
0 s_bullets:
post POST 000 000 070 014 041 000 002 002 002 002 003 003
0 o_bullets:
0 s_bullets:
post POST 000 000 070 014 040 000 002 002 002 002 003 003
0 o_bullets:
0 s_bullets:
post POST 000 000 070 014 039 000 002 002 002 002 003 003
0 o_bullets:
0 s_bullets:
post POST 000 000 070 014 038 000 002 002 002 002 003 003
0 o_bullets:
0 s_bullets:
post POST 000 000 070 014 037 000 002 002 002 002 003 003
0 o_bullets:
0 s_bullets:
post POST 000 000 070 014 036 000 002 002 002 002 003 003
0 o_bullets:
0 s_bullets:
post POST 000 000 070 014 035 000 002 002 002 002 003 003
0 o_bullets:
0 s_bullets:
post POST 000 000 070 014 034 000 002 002 002 002 003 003
0 o_bullets:
0 s_bullets:
post POST 000 000 070 014 033 000 002 002 002 002 003 003
0 o_bullets:
0 s_bullets:
post POST 000 000 070 014 032 000 002 002 002 002 003 003
0 o_bullets:
0 s_bullets:
post POST 000 000 070 014 031 000 002 002 002 002 003 003
0 o_bullets:
0 s_bullets:
post POST 000 000 070 014 030 000 002 002 002 002 003 003
0 o_bullets:
0 s_bullets:
post POST 000 000 070 014 029 000 002 002 002 002 003 003
0 o_bullets:
0 s_bullets:
post POST 000 000 070 014 028 000 002 002 002 002 003 003
0 o_bullets:
0 s_bullets:
post POST 000 000 070 014 027 000 002 002 002 002 003 003
0 o_bullets:
0 s_bullets:
post POST 000 000 070 014 026 000 002 002 002 002 003 003
0 o_bullets:
0 s_bullets:
post POST 000 000 070 014 025 000 002 002 002 002 003 003
0 o_bullets:
0 s_bullets:
post POST 000 000 070 014 024 000 002 002 002 002 003 003
0 o_bullets:
0 s_bullets:
post POST 000 000 070 014 023 000 002 002 002 002 003 003
0 o_bullets:
0 s_bullets:
post POST 000 000 070 014 022 000 002 002 002 002 003 003
0 o_bullets:
0 s_bullets:
post POST 000 000 070 014 021 000 002 002 002 002 003 003
0 o_bullets:
0 s_bullets:
post POST 000 000 070 014 020 000 002 002 002 002 003 003
0 o_bullets:
0 s_bullets:
post POST 000 000 070 014 019 000 002 002 002 002 003 003
0 o_bullets:
0 s_bullets:
post POST 000 000 070 014 019 000 002 002 002 002 003 003
0 o_bullets:
0 s_bullets:
post POST 000 000 070 014 018 000 002 002 002 002 003 003
0 o_bullets:
0 s_bullets:
post POST 000 000 070 014 017 000 002 002 002 002 003 003
0 o_bullets:
0 s_bullets:
post POST 000 000 070 014 016 000 002 002 002 002 003 003
0 o_bullets:
0 s_bullets:
post POST 000 000 070 014 016 001 002 002 002 002 003 003
0 o_bullets:
0 s_bullets:
post POST 000 000 070 014 016 002 002 002 002 002 003 003
0 o_bullets:
0 s_bullets:
post POST 000 000 070 014 016 003 002 002 002 002 003 003
0 o_bullets:
0 s_bullets:
post POST 000 000 070 014 016 004 002 002 002 002 003 003
0 o_bullets:
0 s_bullets:
post POST 000 000 070 014 016 005 002 002 002 002 003 003
0 o_bullets:
0 s_bullets:
post POST 000 000 070 014 016 006 002 002 002 002 003 003
0 o_bullets:
0 s_bullets:
post POST 000 000 070 014 016 006 002 002 002 002 003 003
0 o_bullets:
0 s_bullets:
post POST 000 000 070 014 016 007 002 002 002 002 003 003
0 o_bullets:
0 s_bullets:
post POST 000 000 070 014 016 008 002 002 002 002 003 003
0 o_bullets:
0 s_bullets:
post POST 000 000 070 014 016 009 002 002 002 002 003 003
0 o_bullets:
0 s_bullets:
post POST 000 000 070 014 017 009 002 002 002 002 003 003
0 o_bullets:
0 s_bullets:
post POST 000 000 070 014 018 009 002 002 002 002 003 003
0 o_bullets:
0 s_bullets:
post POST 000 000 070 014 019 009 002 002 002 002 003 003
0 o_bullets:
0 s_bullets:
post POST 000 000 070 014 020 009 002 002 002 002 003 003
0 o_bullets:
0 s_bullets:
post POST 000 000 070 014 021 009 002 002 002 002 003 003
0 o_bullets:
0 s_bullets:
post POST 000 000 070 014 022 009 002 002 002 002 003 003
0 o_bullets:
0 s_bullets:
post POST 000 000 070 014 022 009 002 002 002 002 003 003
0 o_bullets:
0 s_bullets:
post POST 000 000 070 014 023 009 002 002 002 002 003 003
0 o_bullets:
0 s_bullets:
post POST 000 000 070 014 024 009 002 002 002 002 003 003
0 o_bullets:
0 s_bullets:
post POST 000 000 070 014 025 009 002 002 002 002 003 003
0 o_bullets:
0 s_bullets:
post POST 000 000 070 014 026 009 002 002 002 002 003 003
0 o_bullets:
0 s_bullets:
post POST 000 000 070 014 027 009 002 002 002 002 003 003
0 o_bullets:
0 s_bullets:
post POST 000 000 070 014 028 009 002 002 002 002 003 003
0 o_bullets:
0 s_bullets:
post POST 000 000 070 014 029 009 002 002 002 002 003 003
0 o_bullets:
0 s_bullets:
post POST 000 000 070 014 030 009 002 002 002 002 003 003
0 o_bullets:
0 s_bullets:
post POST 000 000 070 014 031 009 002 002 002 002 003 003
0 o_bullets:
0 s_bullets:
post POST 000 000 070 014 032 009 002 002 002 002 003 003
0 o_bullets:
0 s_bullets:
post POST 000 000 070 014 033 009 002 002 002 002 003 003
0 o_bullets:
0 s_bullets:
post POST 000 000 070 014 034 009 002 002 002 002 003 003
0 o_bullets:
0 s_bullets:
post POST 000 000 070 014 035 009 002 002 002 002 003 003
0 o_bullets:
0 s_bullets:
post POST 000 000 070 014 036 009 002 002 002 002 003 003
0 o_bullets:
0 s_bullets:
post POST 000 000 070 014 037 009 002 002 002 002 003 003
0 o_bullets:
0 s_bullets:
post POST 000 000 070 014 038 009 002 002 002 002 003 003
0 o_bullets:
0 s_bullets:
post POST 000 000 070 014 039 009 002 002 002 002 003 003
0 o_bullets:
0 s_bullets:
post POST 000 000 070 014 040 009 002 002 002 002 003 003
0 o_bullets:
0 s_bullets:
post POST 000 000 070 014 041 009 002 002 002 002 003 003
0 o_bullets:
0 s_bullets:
post POST 000 000 070 014 042 009 002 002 002 002 003 003
0 o_bullets:
0 s_bullets:
post POST 000 000 070 014 043 009 002 002 002 002 003 003
0 o_bullets:
0 s_bullets:
post POST 000 000 070 014 044 009 002 002 002 002 003 003
0 o_bullets:
0 s_bullets:
post POST 000 000 070 014 045 009 002 002 002 002 003 003
0 o_bullets:
0 s_bullets:
post POST 000 000 070 014 046 009 002 002 002 002 003 003
0 o_bullets:
0 s_bullets:
post POST 000 000 070 014 047 009 002 002 002 002 003 003
0 o_bullets:
0 s_bullets:
post POST 000 000 070 014 048 009 002 002 002 002 003 003
0 o_bullets:
0 s_bullets:
post POST 000 000 070 014 049 009 002 002 002 002 003 003
0 o_bullets:
0 s_bullets:
post POST 000 000 070 014 050 009 002 002 002 002 003 003
0 o_bullets:
0 s_bullets:
post POST 000 000 070 014 051 009 002 002 002 002 003 003
0 o_bullets:
0 s_bullets:
post POST 000 000 070 014 052 009 002 002 002 002 003 003
0 o_bullets:
0 s_bullets:
post POST 000 000 070 014 053 009 002 002 002 002 003 003
0 o_bullets:
0 s_bullets:
post POST 000 000 070 014 054 009 002 002 002 002 003 003
0 o_bullets:
0 s_bullets:
post POST 000 000 070 014 055 009 002 002 002 002 003 003
0 o_bullets:
0 s_bullets:
post POST 000 000 070 014 055 008 002 002 002 002 003 003
0 o_bullets:
0 s_bullets:
post POST 000 000 070 014 055 008 002 002 002 002 003 003
0 o_bullets:
0 s_bullets:
post POST 000 000 070 014 055 007 002 002 002 002 003 003
0 o_bullets:
0 s_bullets:
post POST 000 000 070 014 055 006 002 002 002 002 003 003
0 o_bullets:
0 s_bullets:
post POST 000 000 070 014 055 005 002 002 002 002 003 003
0 o_bullets:
0 s_bullets:
post POST 000 000 070 014 055 004 002 002 002 002 003 003
0 o_bullets:
0 s_bullets:
post POST 000 000 070 014 055 003 002 002 002 002 003 003
0 o_bullets:
0 s_bullets:
post POST 000 000 070 014 055 002 002 002 002 002 003 003
0 o_bullets:
0 s_bullets:
post POST 000 000 070 014 055 001 002 002 002 002 003 003
0 o_bullets:
0 s_bullets:
post POST 000 000 070 014 055 000 002 002 002 002 003 003
0 o_bullets:
0 s_bullets:
post POST 000 000 070 014 054 000 002 002 002 002 003 003
0 o_bullets:
0 s_bullets:
post POST 000 000 070 014 054 000 002 002 002 002 003 003
0 o_bullets:
0 s_bullets:
post POST 000 000 070 014 053 000 002 002 002 002 003 003
0 o_bullets:
0 s_bullets:
post POST 000 000 070 014 052 000 002 002 002 002 003 003
0 o_bullets:
0 s_bullets:
post POST 000 000 070 014 051 000 002 002 002 002 003 003
0 o_bullets:
0 s_bullets:
post POST 000 000 070 014 050 000 002 002 002 002 003 003
0 o_bullets:
0 s_bullets:
post POST 000 000 070 014 049 000 002 002 002 002 003 003
0 o_bullets:
0 s_bullets:
post POST 000 000 070 014 048 000 002 002 002 002 003 003
0 o_bullets:
0 s_bullets:
post POST 000 000 070 014 047 000 002 002 002 002 003 003
0 o_bullets:
0 s_bullets:
post POST 000 000 070 014 046 000 002 002 002 002 003 003
0 o_bullets:
0 s_bullets:
post POST 000 000 070 014 045 000 002 002 002 002 003 003
0 o_bullets:
0 s_bullets:
post POST 000 000 070 014 044 000 002 002 002 002 003 003
0 o_bullets:
0 s_bullets:
post POST 000 000 070 014 043 000 002 002 002 002 003 003
0 o_bullets:
0 s_bullets:
post POST 000 000 070 014 042 000 002 002 002 002 003 003
0 o_bullets:
0 s_bullets:
post POST 000 000 070 014 041 000 002 002 002 002 003 003
0 o_bullets:
0 s_bullets:
post POST 000 000 070 014 040 000 002 002 002 002 003 003
0 o_bullets:
0 s_bullets:
post POST 000 000 070 014 039 000 002 002 002 002 003 003
0 o_bullets:
0 s_bullets:
post POST 000 000 070 014 038 000 002 002 002 002 003 003
0 o_bullets:
0 s_bullets:
post POST 000 000 070 014 037 000 002 002 002 002 003 003
0 o_bullets:
0 s_bullets:
post POST 000 000 070 014 036 000 002 002 002 002 003 003
0 o_bullets:
0 s_bullets:
post POST 000 000 070 014 035 000 002 002 002 002 003 003
0 o_bullets:
0 s_bullets:
post POST 000 000 070 014 035 001 002 002 002 002 003 003
0 o_bullets:
0 s_bullets:
post POST 000 000 070 014 035 002 002 002 002 002 003 003
0 o_bullets:
0 s_bullets:
post POST 000 000 070 014 035 002 002 002 002 002 003 003
0 o_bullets:
0 s_bullets:
post POST 000 000 070 014 035 003 002 002 002 002 003 003
0 o_bullets:
0 s_bullets:
post POST 000 000 070 014 035 004 002 002 002 002 003 003
0 o_bullets:
0 s_bullets:
post POST 000 000 070 014 036 004 002 002 002 002 003 003
0 o_bullets:
0 s_bullets:
post POST 000 000 070 014 036 004 002 002 002 002 003 003
0 o_bullets:
0 s_bullets:
post POST 000 000 070 014 037 004 002 002 002 002 003 003
0 o_bullets:
0 s_bullets:
post POST 000 000 070 014 038 004 002 002 002 002 003 003
0 o_bullets:
0 s_bullets:
post POST 000 000 070 014 039 004 002 002 002 002 003 003
0 o_bullets:
0 s_bullets:
post POST 000 000 070 014 040 004 002 002 002 002 003 003
0 o_bullets:
0 s_bullets:
post POST 000 000 070 014 041 004 002 002 002 002 003 003
0 o_bullets:
0 s_bullets:
post POST 000 000 070 014 042 004 002 002 002 002 003 003
0 o_bullets:
0 s_bullets:
post POST 000 000 070 014 043 004 002 002 002 002 003 003
0 o_bullets:
0 s_bullets:
post POST 000 000 070 014 044 004 002 002 002 002 003 003
0 o_bullets:
0 s_bullets:
post POST 000 000 070 014 045 004 002 002 002 002 003 003
0 o_bullets:
0 s_bullets:
post POST 000 000 070 014 046 004 002 002 002 002 003 003
0 o_bullets:
0 s_bullets:
post POST 000 000 070 014 047 004 002 002 002 002 003 003
0 o_bullets:
0 s_bullets:
post POST 000 000 070 014 048 004 002 002 002 002 003 003
0 o_bullets:
0 s_bullets:
post POST 000 000 070 014 049 004 002 002 002 002 003 003
0 o_bullets:
0 s_bullets:
post POST 000 000 070 014 050 004 002 002 002 002 003 003
0 o_bullets:
0 s_bullets:
post POST 000 000 070 014 051 004 002 002 002 002 003 003
0 o_bullets:
0 s_bullets:
post POST 000 000 070 014 052 004 002 002 002 002 003 003
0 o_bullets:
0 s_bullets:
post POST 000 000 070 014 053 004 002 002 002 002 003 003
0 o_bullets:
0 s_bullets:
post POST 000 000 070 014 054 004 002 002 002 002 003 003
0 o_bullets:
0 s_bullets:
post POST 000 000 070 014 055 004 002 002 002 002 003 003
0 o_bullets:
0 s_bullets:
post POST 000 000 070 014 056 004 002 002 002 002 003 003
0 o_bullets:
0 s_bullets:
post POST 000 000 070 014 055 004 002 002 002 002 003 003
0 o_bullets:
0 s_bullets:
post POST 000 000 070 014 055 004 002 002 002 002 003 003
0 o_bullets:
0 s_bullets:
post POST 000 000 070 014 054 004 002 002 002 002 003 003
0 o_bullets:
0 s_bullets:
post POST 000 000 070 014 053 004 002 002 002 002 003 003
0 o_bullets:
0 s_bullets:
post POST 000 000 070 014 052 004 002 002 002 002 003 003
0 o_bullets:
0 s_bullets:
post POST 000 000 070 014 051 004 002 002 002 002 003 003
0 o_bullets:
0 s_bullets:
post POST 000 000 070 014 050 004 002 002 002 002 003 003
0 o_bullets:
0 s_bullets:
post POST 000 000 070 014 049 004 002 002 002 002 003 003
0 o_bullets:
0 s_bullets:
post POST 000 000 070 014 048 004 002 002 002 002 003 003
0 o_bullets:
0 s_bullets:
post POST 000 000 070 014 047 004 002 002 002 002 003 003
0 o_bullets:
0 s_bullets:
post POST 000 000 070 014 046 004 002 002 002 002 003 003
0 o_bullets:
0 s_bullets:
post POST 000 000 070 014 045 004 002 002 002 002 003 003
0 o_bullets:
0 s_bullets:
post POST 000 000 070 014 044 004 002 002 002 002 003 003
0 o_bullets:
0 s_bullets:
post POST 000 000 070 014 043 004 002 002 002 002 003 003
0 o_bullets:
0 s_bullets:
post POST 000 000 070 014 042 004 002 002 002 002 003 003
0 o_bullets:
0 s_bullets:
post POST 000 000 070 014 041 004 002 002 002 002 003 003
0 o_bullets:
0 s_bullets:
post POST 000 000 070 014 040 004 002 002 002 002 003 003
0 o_bullets:
0 s_bullets:
post POST 000 000 070 014 039 004 002 002 002 002 003 003
0 o_bullets:
0 s_bullets:
post POST 000 000 070 014 038 004 002 002 002 002 003 003
0 o_bullets:
0 s_bullets:
post POST 000 000 070 014 037 004 002 002 002 002 003 003
0 o_bullets:
0 s_bullets:
post POST 000 000 070 014 036 004 002 002 002 002 003 003
0 o_bullets:
0 s_bullets:
post POST 000 000 070 014 035 004 002 002 002 002 003 003
0 o_bullets:
0 s_bullets:
post POST 000 000 070 014 034 004 002 002 002 002 003 003
0 o_bullets:
0 s_bullets:
post POST 000 000 070 014 034 004 002 002 002 002 003 003
0 o_bullets:
0 s_bullets:
post POST 000 000 070 014 033 004 002 002 002 002 003 003
0 o_bullets:
0 s_bullets:
post POST 000 000 070 014 032 004 002 002 002 002 003 003
0 o_bullets:
0 s_bullets:
post POST 000 000 070 014 031 004 002 002 002 002 003 003
0 o_bullets:
0 s_bullets:
post POST 000 000 070 014 030 004 002 002 002 002 003 003
0 o_bullets:
0 s_bullets:
post POST 000 000 070 014 029 004 002 002 002 002 003 003
0 o_bullets:
0 s_bullets:
post POST 000 000 070 014 028 004 002 002 002 002 003 003
0 o_bullets:
0 s_bullets:
post POST 000 000 070 014 028 004 002 002 002 002 003 003
0 o_bullets:
0 s_bullets:
post POST 000 000 070 014 028 004 002 002 002 002 003 003
0 o_bullets:
0 s_bullets:
post POST 000 000 070 014 028 004 002 002 002 002 003 003
0 o_bullets:
0 s_bullets:
post POST 000 000 070 014 028 004 002 002 002 002 003 003
0 o_bullets:
0 s_bullets:
post POST 000 000 070 014 028 004 002 002 002 002 003 003
0 o_bullets:
0 s_bullets:
post POST 000 000 070 014 028 004 002 002 002 002 003 003
0 o_bullets:
0 s_bullets:
post POST 000 000 070 014 028 004 002 002 002 002 003 003
0 o_bullets:
0 s_bullets:
post POST 000 000 070 014 028 004 002 002 002 002 003 003
0 o_bullets:
0 s_bullets:
post POST 000 000 070 014 028 004 002 002 002 002 003 003
0 o_bullets:
0 s_bullets:
post POST 000 000 070 014 028 004 002 002 002 002 003 003
0 o_bullets:
0 s_bullets:
post POST 000 000 070 014 028 004 002 002 002 002 003 003
0 o_bullets:
0 s_bullets:
post POST 000 000 070 014 028 004 002 002 002 002 003 003
0 o_bullets:
0 s_bullets:
post POST 000 000 070 014 028 004 002 002 002 002 003 003
0 o_bullets:
0 s_bullets:
post POST 000 000 070 014 028 004 002 002 002 002 003 003
0 o_bullets:
0 s_bullets:
post POST 000 000 070 014 028 004 002 002 002 002 003 003
0 o_bullets:
0 s_bullets:
post POST 000 000 070 014 028 004 002 002 002 002 003 003
0 o_bullets:
0 s_bullets:
post POST 000 000 070 014 028 004 002 002 002 002 003 003
0 o_bullets:
0 s_bullets:
post POST 000 000 070 014 028 004 002 002 002 002 003 003
0 o_bullets:
0 s_bullets:
post POST 000 000 070 014 028 004 002 002 002 002 003 003
0 o_bullets:
0 s_bullets:
post POST 000 000 070 014 028 004 002 002 002 002 003 003
0 o_bullets:
0 s_bullets:
post POST 000 000 070 014 028 004 002 002 002 002 003 003
0 o_bullets:
0 s_bullets:
post POST 000 000 070 014 028 004 002 002 002 002 003 003
0 o_bullets:
0 s_bullets:
post POST 000 000 070 014 028 004 002 002 002 002 003 003
0 o_bullets:
0 s_bullets:
post POST 000 000 070 014 028 004 002 002 002 002 003 003
0 o_bullets:
0 s_bullets:
post POST 000 000 070 014 028 004 002 002 002 002 003 003
0 o_bullets:
0 s_bullets:
post POST 000 000 070 014 028 004 002 002 002 002 003 003
0 o_bullets:
0 s_bullets:
post POST 000 000 070 014 028 004 002 002 002 002 003 003
0 o_bullets:
0 s_bullets:
post POST 000 000 070 014 028 004 002 002 002 002 003 003
0 o_bullets:
0 s_bullets:
post POST 000 000 070 014 028 004 002 002 002 002 003 003
0 o_bullets:
0 s_bullets:
post POST 000 000 070 014 028 004 002 002 002 002 003 003
0 o_bullets:
0 s_bullets:
post POST 000 000 070 014 028 004 002 002 002 002 003 003
0 o_bullets:
0 s_bullets:
post POST 000 000 070 014 028 004 002 002 002 002 003 003
0 o_bullets:
0 s_bullets:
post POST 000 000 070 014 028 004 002 002 002 002 003 003
0 o_bullets:
0 s_bullets:
post POST 000 000 070 014 028 004 002 002 002 002 003 003
0 o_bullets:
0 s_bullets:
post POST 000 000 070 014 028 004 002 002 002 002 003 003
0 o_bullets:
0 s_bullets:
post POST 000 000 070 014 028 004 002 002 002 002 003 003
0 o_bullets:
0 s_bullets:
post POST 000 000 070 014 028 004 002 002 002 002 003 003
0 o_bullets:
0 s_bullets:
post POST 000 000 070 014 028 004 002 002 002 002 003 003
0 o_bullets:
0 s_bullets:
post POST 000 000 070 014 028 004 002 002 002 002 003 003
0 o_bullets:
0 s_bullets:
post POST 000 000 070 014 028 004 002 002 002 002 003 003
0 o_bullets:
0 s_bullets:
post POST 000 000 070 014 028 004 002 002 002 002 003 003
0 o_bullets:
0 s_bullets:
post POST 000 000 070 014 028 004 002 002 002 002 003 003
0 o_bullets:
0 s_bullets:
post POST 000 000 070 014 028 004 002 002 002 002 003 003
0 o_bullets:
0 s_bullets:
post POST 000 000 070 014 028 004 002 002 002 002 003 003
0 o_bullets:
0 s_bullets:
post POST 000 000 070 014 028 004 002 002 002 002 003 003
0 o_bullets:
0 s_bullets:
post POST 000 000 070 014 028 004 002 002 002 002 003 003
0 o_bullets:
0 s_bullets:
post POST 000 000 070 014 028 004 002 002 002 002 003 003
0 o_bullets:
0 s_bullets:
post POST 000 000 070 014 028 004 002 002 002 002 003 003
0 o_bullets:
0 s_bullets:
post POST 000 000 070 014 028 004 002 002 002 002 003 003
0 o_bullets:
0 s_bullets:
w 119
0 o_bullets:
0 s_bullets:
post POST 000 000 070 013 028 004 002 002 002 002 003 003
0 o_bullets:
0 s_bullets:
w 119
0 o_bullets:
0 s_bullets:
post POST 000 000 070 012 028 004 002 002 002 002 003 003
0 o_bullets:
0 s_bullets:
post POST 000 000 070 012 028 004 002 002 002 002 003 003
0 o_bullets:
0 s_bullets:
w 119
0 o_bullets:
0 s_bullets:
post POST 000 000 070 011 028 004 002 002 002 002 003 003
0 o_bullets:
0 s_bullets:
post POST 000 000 070 011 028 004 002 002 002 002 003 003
0 o_bullets:
0 s_bullets:
  32
0 o_bullets:
0 s_bullets:
post POST 001 000 070 011 028 004 002 002 001 002 003 003 075 010
0 o_bullets:
1 s_bullets:
   75 10
post POST 001 000 070 011 028 004 002 002 001 002 002 003 075 009
0 o_bullets:
1 s_bullets:
   75 9
w 119
0 o_bullets:
1 s_bullets:
   75 9
post POST 001 000 070 010 028 004 002 002 001 002 002 003 075 009
0 o_bullets:
1 s_bullets:
   75 9
post POST 001 000 070 010 028 004 002 002 001 002 001 003 075 008
0 o_bullets:
1 s_bullets:
   75 8
w 119
0 o_bullets:
1 s_bullets:
   75 8
post POST 001 000 070 009 028 004 002 002 001 002 001 003 075 008
0 o_bullets:
1 s_bullets:
   75 8
w 119
0 o_bullets:
1 s_bullets:
   75 8
post POST 001 000 070 008 028 004 002 002 001 002 001 003 075 008
0 o_bullets:
1 s_bullets:
   75 8
w 119
0 o_bullets:
1 s_bullets:
   75 8
post POST 001 000 070 007 028 004 002 002 001 002 001 003 075 008
0 o_bullets:
1 s_bullets:
   75 8
w 119
0 o_bullets:
1 s_bullets:
   75 8
post POST 001 000 070 006 028 004 002 002 001 002 001 003 075 008
0 o_bullets:
1 s_bullets:
   75 8
post POST 001 000 070 006 028 004 002 002 002 002 003 003 075 007
0 o_bullets:
1 s_bullets:
   75 7
w 119
0 o_bullets:
1 s_bullets:
   75 7
post POST 001 000 070 005 028 004 002 002 002 002 003 003 075 007
0 o_bullets:
1 s_bullets:
   75 7
w 119
0 o_bullets:
1 s_bullets:
   75 7
post POST 001 000 070 004 028 004 002 002 002 002 003 003 075 007
0 o_bullets:
1 s_bullets:
   75 7
w 119
0 o_bullets:
1 s_bullets:
   75 7
post POST 001 000 070 003 028 004 002 002 002 002 003 003 075 007
0 o_bullets:
1 s_bullets:
   75 7
a 97
0 o_bullets:
1 s_bullets:
   75 7
post POST 001 000 069 003 028 004 002 002 002 002 003 003 075 007
0 o_bullets:
1 s_bullets:
   75 7
post POST 001 000 069 003 028 004 002 002 002 002 003 003 075 006
0 o_bullets:
1 s_bullets:
   75 6
s 115
0 o_bullets:
1 s_bullets:
   75 6
post POST 001 000 069 004 028 004 002 002 002 002 003 003 075 006
0 o_bullets:
1 s_bullets:
   75 6
s 115
0 o_bullets:
1 s_bullets:
   75 6
post POST 001 000 069 005 028 004 002 002 002 002 003 003 075 006
0 o_bullets:
1 s_bullets:
   75 6
s 115
0 o_bullets:
1 s_bullets:
   75 6
post POST 001 000 069 006 028 004 002 002 002 002 003 003 075 006
0 o_bullets:
1 s_bullets:
   75 6
post POST 001 000 069 006 028 004 002 002 002 002 003 003 075 005
0 o_bullets:
1 s_bullets:
   75 5
s 115
0 o_bullets:
1 s_bullets:
   75 5
post POST 001 000 069 007 028 004 002 002 002 002 003 003 075 005
0 o_bullets:
1 s_bullets:
   75 5
s 115
0 o_bullets:
1 s_bullets:
   75 5
post POST 001 000 069 008 028 004 002 002 002 002 003 003 075 005
0 o_bullets:
1 s_bullets:
   75 5
a 97
0 o_bullets:
1 s_bullets:
   75 5
post POST 001 000 068 008 028 004 002 002 002 002 003 003 075 005
0 o_bullets:
1 s_bullets:
   75 5
post POST 001 000 068 008 028 004 002 002 002 002 003 003 075 004
0 o_bullets:
1 s_bullets:
   75 4
a 97
0 o_bullets:
1 s_bullets:
   75 4
post POST 001 000 067 008 028 004 002 002 002 002 003 003 075 004
0 o_bullets:
1 s_bullets:
   75 4
a 97
0 o_bullets:
1 s_bullets:
   75 4
post POST 001 000 066 008 028 004 002 002 002 002 003 003 075 004
0 o_bullets:
1 s_bullets:
   75 4
a 97
0 o_bullets:
1 s_bullets:
   75 4
post POST 001 000 065 008 028 004 002 002 002 002 003 003 075 004
0 o_bullets:
1 s_bullets:
   75 4
a 97
0 o_bullets:
1 s_bullets:
   75 4
post POST 001 000 064 008 028 004 002 002 002 002 003 003 075 004
0 o_bullets:
1 s_bullets:
   75 4
a 97
0 o_bullets:
1 s_bullets:
   75 4
post POST 001 000 063 008 028 004 002 002 002 002 003 003 075 004
0 o_bullets:
1 s_bullets:
   75 4
a 97
0 o_bullets:
1 s_bullets:
   75 4
post POST 001 000 062 008 028 004 002 002 002 002 003 003 075 004
0 o_bullets:
1 s_bullets:
   75 4
a 97
0 o_bullets:
1 s_bullets:
   75 4
post POST 001 000 061 008 028 004 002 002 002 002 003 003 075 004
0 o_bullets:
1 s_bullets:
   75 4
a 97
0 o_bullets:
1 s_bullets:
   75 4
post POST 001 000 060 008 028 004 002 002 002 002 003 003 075 004
0 o_bullets:
1 s_bullets:
   75 4
a 97
0 o_bullets:
1 s_bullets:
   75 4
post POST 001 000 059 008 028 004 002 002 002 002 003 003 075 004
0 o_bullets:
1 s_bullets:
   75 4
a 97
0 o_bullets:
1 s_bullets:
   75 4
post POST 001 000 058 008 028 004 002 002 002 002 003 003 075 004
0 o_bullets:
1 s_bullets:
   75 4
a 97
0 o_bullets:
1 s_bullets:
   75 4
post POST 001 000 057 008 028 004 002 002 002 002 003 003 075 004
0 o_bullets:
1 s_bullets:
   75 4
a 97
0 o_bullets:
1 s_bullets:
   75 4
post POST 001 000 056 008 028 004 002 002 002 002 003 003 075 004
0 o_bullets:
1 s_bullets:
   75 4
a 97
0 o_bullets:
1 s_bullets:
   75 4
post POST 001 000 055 008 028 004 002 002 002 002 003 003 075 004
0 o_bullets:
1 s_bullets:
   75 4
a 97
0 o_bullets:
1 s_bullets:
   75 4
post POST 001 000 054 008 028 004 002 002 002 002 003 003 075 004
0 o_bullets:
1 s_bullets:
   75 4
a 97
0 o_bullets:
1 s_bullets:
   75 4
post POST 001 000 053 008 028 004 002 002 002 002 003 003 075 004
0 o_bullets:
1 s_bullets:
   75 4
a 97
0 o_bullets:
1 s_bullets:
   75 4
post POST 001 000 052 008 028 004 002 002 002 002 003 003 075 004
0 o_bullets:
1 s_bullets:
   75 4
a 97
0 o_bullets:
1 s_bullets:
   75 4
post POST 001 000 051 008 028 004 002 002 002 002 003 003 075 004
0 o_bullets:
1 s_bullets:
   75 4
a 97
0 o_bullets:
1 s_bullets:
   75 4
post POST 001 000 050 008 028 004 002 002 002 002 003 003 075 004
0 o_bullets:
1 s_bullets:
   75 4
a 97
0 o_bullets:
1 s_bullets:
   75 4
post POST 001 000 049 008 028 004 002 002 002 002 003 003 075 004
0 o_bullets:
1 s_bullets:
   75 4
a 97
0 o_bullets:
1 s_bullets:
   75 4
post POST 001 000 048 008 028 004 002 002 002 002 003 003 075 004
0 o_bullets:
1 s_bullets:
   75 4
a 97
0 o_bullets:
1 s_bullets:
   75 4
post POST 001 000 047 008 028 004 002 002 002 002 003 003 075 004
0 o_bullets:
1 s_bullets:
   75 4
a 97
0 o_bullets:
1 s_bullets:
   75 4
post POST 001 000 046 008 028 004 002 002 002 002 003 003 075 004
0 o_bullets:
1 s_bullets:
   75 4
w 119
0 o_bullets:
1 s_bullets:
   75 4
post POST 001 000 046 007 028 004 002 002 002 002 003 003 075 004
0 o_bullets:
1 s_bullets:
   75 4
w 119
0 o_bullets:
1 s_bullets:
   75 4
post POST 001 000 046 006 028 004 002 002 002 002 003 003 075 004
0 o_bullets:
1 s_bullets:
   75 4
post POST 001 000 046 006 028 004 002 002 002 002 003 003 075 003
0 o_bullets:
1 s_bullets:
   75 3
s 115
0 o_bullets:
1 s_bullets:
   75 3
post POST 001 000 046 007 028 004 002 002 002 002 003 003 075 003
0 o_bullets:
1 s_bullets:
   75 3
s 115
0 o_bullets:
1 s_bullets:
   75 3
post POST 001 000 046 008 028 004 002 002 002 002 003 003 075 003
0 o_bullets:
1 s_bullets:
   75 3
s 115
0 o_bullets:
1 s_bullets:
   75 3
post POST 001 000 046 009 028 004 002 002 002 002 003 003 075 003
0 o_bullets:
1 s_bullets:
   75 3
s 115
0 o_bullets:
1 s_bullets:
   75 3
post POST 001 000 046 010 028 004 002 002 002 002 003 003 075 003
0 o_bullets:
1 s_bullets:
   75 3
s 115
0 o_bullets:
1 s_bullets:
   75 3
post POST 001 000 046 011 028 004 002 002 002 002 003 003 075 003
0 o_bullets:
1 s_bullets:
   75 3
s 115
0 o_bullets:
1 s_bullets:
   75 3
post POST 001 000 046 012 028 004 002 002 002 002 003 003 075 003
0 o_bullets:
1 s_bullets:
   75 3
a 97
0 o_bullets:
1 s_bullets:
   75 3
post POST 001 000 045 012 028 004 002 002 002 002 003 003 075 003
0 o_bullets:
1 s_bullets:
   75 3
post POST 001 000 045 012 028 004 002 002 002 002 003 003 075 002
0 o_bullets:
1 s_bullets:
   75 2
a 97
0 o_bullets:
1 s_bullets:
   75 2
post POST 001 000 044 012 028 004 002 002 002 002 003 003 075 002
0 o_bullets:
1 s_bullets:
   75 2
a 97
0 o_bullets:
1 s_bullets:
   75 2
post POST 001 000 043 012 028 004 002 002 002 002 003 003 075 002
0 o_bullets:
1 s_bullets:
   75 2
a 97
0 o_bullets:
1 s_bullets:
   75 2
post POST 001 000 042 012 028 004 002 002 002 002 003 003 075 002
0 o_bullets:
1 s_bullets:
   75 2
a 97
0 o_bullets:
1 s_bullets:
   75 2
post POST 001 000 041 012 028 004 002 002 002 002 003 003 075 002
0 o_bullets:
1 s_bullets:
   75 2
a 97
0 o_bullets:
1 s_bullets:
   75 2
post POST 001 000 040 012 028 004 002 002 002 002 003 003 075 002
0 o_bullets:
1 s_bullets:
   75 2
a 97
0 o_bullets:
1 s_bullets:
   75 2
post POST 001 000 039 012 028 004 002 002 002 002 003 003 075 002
0 o_bullets:
1 s_bullets:
   75 2
a 97
0 o_bullets:
1 s_bullets:
   75 2
post POST 001 000 038 012 028 004 002 002 002 002 003 003 075 002
0 o_bullets:
1 s_bullets:
   75 2
a 97
0 o_bullets:
1 s_bullets:
   75 2
post POST 001 000 037 012 028 004 002 002 002 002 003 003 075 002
0 o_bullets:
1 s_bullets:
   75 2
a 97
0 o_bullets:
1 s_bullets:
   75 2
post POST 001 000 036 012 028 004 002 002 002 002 003 003 075 002
0 o_bullets:
1 s_bullets:
   75 2
a 97
0 o_bullets:
1 s_bullets:
   75 2
post POST 001 000 035 012 028 004 002 002 002 002 003 003 075 002
0 o_bullets:
1 s_bullets:
   75 2
a 97
0 o_bullets:
1 s_bullets:
   75 2
post POST 001 000 034 012 028 004 002 002 002 002 003 003 075 002
0 o_bullets:
1 s_bullets:
   75 2
a 97
0 o_bullets:
1 s_bullets:
   75 2
post POST 001 000 033 012 028 004 002 002 002 002 003 003 075 002
0 o_bullets:
1 s_bullets:
   75 2
a 97
0 o_bullets:
1 s_bullets:
   75 2
post POST 001 000 032 012 028 004 002 002 002 002 003 003 075 002
0 o_bullets:
1 s_bullets:
   75 2
a 97
0 o_bullets:
1 s_bullets:
   75 2
post POST 001 000 031 012 028 004 002 002 002 002 003 003 075 002
0 o_bullets:
1 s_bullets:
   75 2
a 97
0 o_bullets:
1 s_bullets:
   75 2
post POST 001 000 030 012 028 004 002 002 002 002 003 003 075 002
0 o_bullets:
1 s_bullets:
   75 2
a 97
0 o_bullets:
1 s_bullets:
   75 2
post POST 001 000 029 012 028 004 002 002 002 002 003 003 075 002
0 o_bullets:
1 s_bullets:
   75 2
a 97
0 o_bullets:
1 s_bullets:
   75 2
post POST 001 000 028 012 028 004 002 002 002 002 003 003 075 002
0 o_bullets:
1 s_bullets:
   75 2
post POST 000 000 028 012 028 004 002 002 002 002 003 003
0 o_bullets:
0 s_bullets:
d 100
0 o_bullets:
0 s_bullets:
post POST 000 000 029 012 028 004 002 002 002 002 003 003
0 o_bullets:
0 s_bullets:
d 100
0 o_bullets:
0 s_bullets:
post POST 000 000 030 012 028 004 002 002 002 002 003 003
0 o_bullets:
0 s_bullets:
post POST 000 000 030 012 028 004 002 002 002 002 003 003
0 o_bullets:
0 s_bullets:
d 100
0 o_bullets:
0 s_bullets:
post POST 000 000 031 012 028 004 002 002 002 002 003 003
0 o_bullets:
0 s_bullets:
d 100
0 o_bullets:
0 s_bullets:
post POST 000 000 032 012 028 004 002 002 002 002 003 003
0 o_bullets:
0 s_bullets:
d 100
0 o_bullets:
0 s_bullets:
post POST 000 000 033 012 028 004 002 002 002 002 003 003
0 o_bullets:
0 s_bullets:
post POST 000 000 033 012 028 004 002 002 002 002 003 003
0 o_bullets:
0 s_bullets:
post POST 000 000 033 012 028 004 002 002 002 002 003 003
0 o_bullets:
0 s_bullets:
post POST 000 000 033 012 028 004 002 002 002 002 003 003
0 o_bullets:
0 s_bullets:
post POST 000 000 033 012 028 004 002 002 002 002 003 003
0 o_bullets:
0 s_bullets:
post POST 000 000 033 012 028 004 002 002 002 002 003 003
0 o_bullets:
0 s_bullets:
d 100
0 o_bullets:
0 s_bullets:
post POST 000 000 034 012 028 004 002 002 002 002 003 003
0 o_bullets:
0 s_bullets:
d 100
0 o_bullets:
0 s_bullets:
post POST 000 000 035 012 028 004 002 002 002 002 003 003
0 o_bullets:
0 s_bullets:
d 100
0 o_bullets:
0 s_bullets:
post POST 000 000 036 012 028 004 002 002 002 002 003 003
0 o_bullets:
0 s_bullets:
d 100
0 o_bullets:
0 s_bullets:
post POST 000 000 037 012 028 004 002 002 002 002 003 003
0 o_bullets:
0 s_bullets:
d 100
0 o_bullets:
0 s_bullets:
post POST 000 000 038 012 028 004 002 002 002 002 003 003
0 o_bullets:
0 s_bullets:
d 100
0 o_bullets:
0 s_bullets:
post POST 000 000 039 012 028 004 002 002 002 002 003 003
0 o_bullets:
0 s_bullets:
d 100
0 o_bullets:
0 s_bullets:
post POST 000 000 040 012 028 004 002 002 002 002 003 003
0 o_bullets:
0 s_bullets:
d 100
0 o_bullets:
0 s_bullets:
post POST 000 000 041 012 028 004 002 002 002 002 003 003
0 o_bullets:
0 s_bullets:
post POST 000 000 041 012 028 004 002 002 002 002 003 003
0 o_bullets:
0 s_bullets:
d 100
0 o_bullets:
0 s_bullets:
post POST 000 000 042 012 028 004 002 002 002 002 003 003
0 o_bullets:
0 s_bullets:
d 100
0 o_bullets:
0 s_bullets:
post POST 000 000 043 012 028 004 002 002 002 002 003 003
0 o_bullets:
0 s_bullets:
d 100
0 o_bullets:
0 s_bullets:
post POST 000 000 044 012 028 004 002 002 002 002 003 003
0 o_bullets:
0 s_bullets:
d 100
0 o_bullets:
0 s_bullets:
post POST 000 000 045 012 028 004 002 002 002 002 003 003
0 o_bullets:
0 s_bullets:
d 100
0 o_bullets:
0 s_bullets:
post POST 000 000 046 012 028 004 002 002 002 002 003 003
0 o_bullets:
0 s_bullets:
d 100
0 o_bullets:
0 s_bullets:
post POST 000 000 047 012 028 004 002 002 002 002 003 003
0 o_bullets:
0 s_bullets:
d 100
0 o_bullets:
0 s_bullets:
post POST 000 000 048 012 028 004 002 002 002 002 003 003
0 o_bullets:
0 s_bullets:
d 100
0 o_bullets:
0 s_bullets:
post POST 000 000 049 012 028 004 002 002 002 002 003 003
0 o_bullets:
0 s_bullets:
d 100
0 o_bullets:
0 s_bullets:
post POST 000 000 050 012 028 004 002 002 002 002 003 003
0 o_bullets:
0 s_bullets:
d 100
0 o_bullets:
0 s_bullets:
post POST 000 000 051 012 028 004 002 002 002 002 003 003
0 o_bullets:
0 s_bullets:
d 100
0 o_bullets:
0 s_bullets:
post POST 000 000 052 012 028 004 002 002 002 002 003 003
0 o_bullets:
0 s_bullets:
d 100
0 o_bullets:
0 s_bullets:
post POST 000 000 053 012 028 004 002 002 002 002 003 003
0 o_bullets:
0 s_bullets:
d 100
0 o_bullets:
0 s_bullets:
post POST 000 000 054 012 028 004 002 002 002 002 003 003
0 o_bullets:
0 s_bullets:
d 100
0 o_bullets:
0 s_bullets:
post POST 000 000 055 012 028 004 002 002 002 002 003 003
0 o_bullets:
0 s_bullets:
d 100
0 o_bullets:
0 s_bullets:
post POST 000 000 056 012 028 004 002 002 002 002 003 003
0 o_bullets:
0 s_bullets:
d 100
0 o_bullets:
0 s_bullets:
post POST 000 000 057 012 028 004 002 002 002 002 003 003
0 o_bullets:
0 s_bullets:
d 100
0 o_bullets:
0 s_bullets:
post POST 000 000 058 012 028 004 002 002 002 002 003 003
0 o_bullets:
0 s_bullets:
d 100
0 o_bullets:
0 s_bullets:
post POST 000 000 059 012 028 004 002 002 002 002 003 003
0 o_bullets:
0 s_bullets:
d 100
0 o_bullets:
0 s_bullets:
post POST 000 000 060 012 028 004 002 002 002 002 003 003
0 o_bullets:
0 s_bullets:
d 100
0 o_bullets:
0 s_bullets:
post POST 000 000 061 012 028 004 002 002 002 002 003 003
0 o_bullets:
0 s_bullets:
d 100
0 o_bullets:
0 s_bullets:
post POST 000 000 062 012 028 004 002 002 002 002 003 003
0 o_bullets:
0 s_bullets:
d 100
0 o_bullets:
0 s_bullets:
post POST 000 000 063 012 028 004 002 002 002 002 003 003
0 o_bullets:
0 s_bullets:
d 100
0 o_bullets:
0 s_bullets:
post POST 000 000 064 012 028 004 002 002 002 002 003 003
0 o_bullets:
0 s_bullets:
post POST 000 000 064 012 028 004 002 002 002 002 003 003
0 o_bullets:
0 s_bullets:
post POST 000 000 064 012 028 004 002 002 002 002 003 003
0 o_bullets:
0 s_bullets:
post POST 000 000 064 012 028 004 002 002 002 002 003 003
0 o_bullets:
0 s_bullets:
post POST 000 000 064 012 028 004 002 002 002 002 003 003
0 o_bullets:
0 s_bullets:
post POST 000 000 064 012 028 004 002 002 002 002 003 003
0 o_bullets:
0 s_bullets:
post POST 000 000 064 012 028 004 002 002 002 002 003 003
0 o_bullets:
0 s_bullets:
post POST 000 000 064 012 028 004 002 002 002 002 003 003
0 o_bullets:
0 s_bullets:
post POST 000 000 064 012 028 004 002 002 002 002 003 003
0 o_bullets:
0 s_bullets:
post POST 000 000 064 012 028 004 002 002 002 002 003 003
0 o_bullets:
0 s_bullets:
post POST 000 000 064 012 028 004 002 002 002 002 003 003
0 o_bullets:
0 s_bullets:
post POST 000 000 064 012 028 004 002 002 002 002 003 003
0 o_bullets:
0 s_bullets:
post POST 000 000 064 012 028 004 002 002 002 002 003 003
0 o_bullets:
0 s_bullets:
post POST 000 000 064 012 028 004 002 002 002 002 003 003
0 o_bullets:
0 s_bullets:
post POST 000 000 064 012 028 004 002 002 002 002 003 003
0 o_bullets:
0 s_bullets:
a 97
0 o_bullets:
0 s_bullets:
post POST 000 000 063 012 028 004 002 002 002 002 003 003
0 o_bullets:
0 s_bullets:
post POST 000 000 063 012 028 004 002 002 002 002 003 003
0 o_bullets:
0 s_bullets:
a 97
0 o_bullets:
0 s_bullets:
post POST 000 000 062 012 028 004 002 002 002 002 003 003
0 o_bullets:
0 s_bullets:
a 97
0 o_bullets:
0 s_bullets:
post POST 000 000 061 012 028 004 002 002 002 002 003 003
0 o_bullets:
0 s_bullets:
a 97
0 o_bullets:
0 s_bullets:
post POST 000 000 060 012 028 004 002 002 002 002 003 003
0 o_bullets:
0 s_bullets:
a 97
0 o_bullets:
0 s_bullets:
post POST 000 000 059 012 028 004 002 002 002 002 003 003
0 o_bullets:
0 s_bullets:
a 97
0 o_bullets:
0 s_bullets:
post POST 000 000 058 012 028 004 002 002 002 002 003 003
0 o_bullets:
0 s_bullets:
a 97
0 o_bullets:
0 s_bullets:
post POST 000 000 057 012 028 004 002 002 002 002 003 003
0 o_bullets:
0 s_bullets:
a 97
0 o_bullets:
0 s_bullets:
post POST 000 000 056 012 028 004 002 002 002 002 003 003
0 o_bullets:
0 s_bullets:
a 97
0 o_bullets:
0 s_bullets:
post POST 000 000 055 012 028 004 002 002 002 002 003 003
0 o_bullets:
0 s_bullets:
a 97
0 o_bullets:
0 s_bullets:
post POST 000 000 054 012 028 004 002 002 002 002 003 003
0 o_bullets:
0 s_bullets:
a 97
0 o_bullets:
0 s_bullets:
post POST 000 000 053 012 028 004 002 002 002 002 003 003
0 o_bullets:
0 s_bullets:
a 97
0 o_bullets:
0 s_bullets:
post POST 000 000 052 012 028 004 002 002 002 002 003 003
0 o_bullets:
0 s_bullets:
a 97
0 o_bullets:
0 s_bullets:
post POST 000 000 051 012 028 004 002 002 002 002 003 003
0 o_bullets:
0 s_bullets:
a 97
0 o_bullets:
0 s_bullets:
post POST 000 000 050 012 028 004 002 002 002 002 003 003
0 o_bullets:
0 s_bullets:
a 97
0 o_bullets:
0 s_bullets:
post POST 000 000 049 012 028 004 002 002 002 002 003 003
0 o_bullets:
0 s_bullets:
a 97
0 o_bullets:
0 s_bullets:
post POST 000 000 048 012 028 004 002 002 002 002 003 003
0 o_bullets:
0 s_bullets:
a 97
0 o_bullets:
0 s_bullets:
post POST 000 000 047 012 028 004 002 002 002 002 003 003
0 o_bullets:
0 s_bullets:
a 97
0 o_bullets:
0 s_bullets:
post POST 000 000 046 012 028 004 002 002 002 002 003 003
0 o_bullets:
0 s_bullets:
a 97
0 o_bullets:
0 s_bullets:
post POST 000 000 045 012 028 004 002 002 002 002 003 003
0 o_bullets:
0 s_bullets:
a 97
0 o_bullets:
0 s_bullets:
post POST 000 000 044 012 028 004 002 002 002 002 003 003
0 o_bullets:
0 s_bullets:
post POST 000 000 044 012 028 004 002 002 002 002 003 003
0 o_bullets:
0 s_bullets:
a 97
0 o_bullets:
0 s_bullets:
post POST 000 000 043 012 028 004 002 002 002 002 003 003
0 o_bullets:
0 s_bullets:
a 97
0 o_bullets:
0 s_bullets:
post POST 000 000 042 012 028 004 002 002 002 002 003 003
0 o_bullets:
0 s_bullets:
a 97
0 o_bullets:
0 s_bullets:
post POST 000 000 041 012 028 004 002 002 002 002 003 003
0 o_bullets:
0 s_bullets:
a 97
0 o_bullets:
0 s_bullets:
post POST 000 000 040 012 028 004 002 002 002 002 003 003
0 o_bullets:
0 s_bullets:
a 97
0 o_bullets:
0 s_bullets:
post POST 000 000 039 012 028 004 002 002 002 002 003 003
0 o_bullets:
0 s_bullets:
a 97
0 o_bullets:
0 s_bullets:
post POST 000 000 038 012 028 004 002 002 002 002 003 003
0 o_bullets:
0 s_bullets:
a 97
0 o_bullets:
0 s_bullets:
post POST 000 000 037 012 028 004 002 002 002 002 003 003
0 o_bullets:
0 s_bullets:
a 97
0 o_bullets:
0 s_bullets:
post POST 000 000 036 012 028 004 002 002 002 002 003 003
0 o_bullets:
0 s_bullets:
a 97
0 o_bullets:
0 s_bullets:
post POST 000 000 035 012 028 004 002 002 002 002 003 003
0 o_bullets:
0 s_bullets:
a 97
0 o_bullets:
0 s_bullets:
post POST 000 000 034 012 028 004 002 002 002 002 003 003
0 o_bullets:
0 s_bullets:
a 97
0 o_bullets:
0 s_bullets:
post POST 000 000 033 012 028 004 002 002 002 002 003 003
0 o_bullets:
0 s_bullets:
a 97
0 o_bullets:
0 s_bullets:
post POST 000 000 032 012 028 004 002 002 002 002 003 003
0 o_bullets:
0 s_bullets:
a 97
0 o_bullets:
0 s_bullets:
post POST 000 000 031 012 028 004 002 002 002 002 003 003
0 o_bullets:
0 s_bullets:
a 97
0 o_bullets:
0 s_bullets:
post POST 000 000 030 012 028 004 002 002 002 002 003 003
0 o_bullets:
0 s_bullets:
a 97
0 o_bullets:
0 s_bullets:
post POST 000 000 029 012 028 004 002 002 002 002 003 003
0 o_bullets:
0 s_bullets:
a 97
0 o_bullets:
0 s_bullets:
post POST 000 000 028 012 028 004 002 002 002 002 003 003
0 o_bullets:
0 s_bullets:
a 97
0 o_bullets:
0 s_bullets:
post POST 000 000 027 012 028 004 002 002 002 002 003 003
0 o_bullets:
0 s_bullets:
a 97
0 o_bullets:
0 s_bullets:
post POST 000 000 026 012 028 004 002 002 002 002 003 003
0 o_bullets:
0 s_bullets:
a 97
0 o_bullets:
0 s_bullets:
post POST 000 000 025 012 028 004 002 002 002 002 003 003
0 o_bullets:
0 s_bullets:
a 97
0 o_bullets:
0 s_bullets:
post POST 000 000 024 012 028 004 002 002 002 002 003 003
0 o_bullets:
0 s_bullets:
a 97
0 o_bullets:
0 s_bullets:
post POST 000 000 023 012 028 004 002 002 002 002 003 003
0 o_bullets:
0 s_bullets:
a 97
0 o_bullets:
0 s_bullets:
post POST 000 000 022 012 028 004 002 002 002 002 003 003
0 o_bullets:
0 s_bullets:
a 97
0 o_bullets:
0 s_bullets:
post POST 000 000 021 012 028 004 002 002 002 002 003 003
0 o_bullets:
0 s_bullets:
a 97
0 o_bullets:
0 s_bullets:
post POST 000 000 020 012 028 004 002 002 002 002 003 003
0 o_bullets:
0 s_bullets:
a 97
0 o_bullets:
0 s_bullets:
post POST 000 000 019 012 028 004 002 002 002 002 003 003
0 o_bullets:
0 s_bullets:
a 97
0 o_bullets:
0 s_bullets:
post POST 000 000 018 012 028 004 002 002 002 002 003 003
0 o_bullets:
0 s_bullets:
a 97
0 o_bullets:
0 s_bullets:
post POST 000 000 017 012 028 004 002 002 002 002 003 003
0 o_bullets:
0 s_bullets:
a 97
0 o_bullets:
0 s_bullets:
post POST 000 000 016 012 028 004 002 002 002 002 003 003
0 o_bullets:
0 s_bullets:
w 119
0 o_bullets:
0 s_bullets:
post POST 000 000 016 011 028 004 002 002 002 002 003 003
0 o_bullets:
0 s_bullets:
post POST 000 000 016 011 028 004 002 002 002 002 003 003
0 o_bullets:
0 s_bullets:
w 119
0 o_bullets:
0 s_bullets:
post POST 000 000 016 010 028 004 002 002 002 002 003 003
0 o_bullets:
0 s_bullets:
w 119
0 o_bullets:
0 s_bullets:
post POST 000 000 016 009 028 004 002 002 002 002 003 003
0 o_bullets:
0 s_bullets:
w 119
0 o_bullets:
0 s_bullets:
post POST 000 000 016 008 028 004 002 002 002 002 003 003
0 o_bullets:
0 s_bullets:
w 119
0 o_bullets:
0 s_bullets:
post POST 000 000 016 007 028 004 002 002 002 002 003 003
0 o_bullets:
0 s_bullets:
w 119
0 o_bullets:
0 s_bullets:
post POST 000 000 016 006 028 004 002 002 002 002 003 003
0 o_bullets:
0 s_bullets:
w 119
0 o_bullets:
0 s_bullets:
post POST 000 000 016 005 028 004 002 002 002 002 003 003
0 o_bullets:
0 s_bullets:
w 119
0 o_bullets:
0 s_bullets:
post POST 000 000 016 004 028 004 002 002 002 002 003 003
0 o_bullets:
0 s_bullets:
w 119
0 o_bullets:
0 s_bullets:
post POST 000 000 016 003 028 004 002 002 002 002 003 003
0 o_bullets:
0 s_bullets:
w 119
0 o_bullets:
0 s_bullets:
post POST 000 000 016 002 028 004 002 002 002 002 003 003
0 o_bullets:
0 s_bullets:
w 119
0 o_bullets:
0 s_bullets:
post POST 000 000 016 001 028 004 002 002 002 002 003 003
0 o_bullets:
0 s_bullets:
d 100
0 o_bullets:
0 s_bullets:
post POST 000 000 017 001 028 004 002 002 002 002 003 003
0 o_bullets:
0 s_bullets:
post POST 000 000 017 001 028 004 002 002 002 002 003 003
0 o_bullets:
0 s_bullets:
d 100
0 o_bullets:
0 s_bullets:
post POST 000 000 018 001 028 004 002 002 002 002 003 003
0 o_bullets:
0 s_bullets:
d 100
0 o_bullets:
0 s_bullets:
post POST 000 000 019 001 028 004 002 002 002 002 003 003
0 o_bullets:
0 s_bullets:
d 100
0 o_bullets:
0 s_bullets:
post POST 000 000 020 001 028 004 002 002 002 002 003 003
0 o_bullets:
0 s_bullets:
d 100
0 o_bullets:
0 s_bullets:
post POST 000 000 021 001 028 004 002 002 002 002 003 003
0 o_bullets:
0 s_bullets:
d 100
0 o_bullets:
0 s_bullets:
post POST 000 000 022 001 028 004 002 002 002 002 003 003
0 o_bullets:
0 s_bullets:
d 100
0 o_bullets:
0 s_bullets:
post POST 000 000 023 001 028 004 002 002 002 002 003 003
0 o_bullets:
0 s_bullets:
d 100
0 o_bullets:
0 s_bullets:
post POST 000 000 024 001 028 004 002 002 002 002 003 003
0 o_bullets:
0 s_bullets:
d 100
0 o_bullets:
0 s_bullets:
post POST 000 000 025 001 028 004 002 002 002 002 003 003
0 o_bullets:
0 s_bullets:
d 100
0 o_bullets:
0 s_bullets:
post POST 000 000 026 001 028 004 002 002 002 002 003 003
0 o_bullets:
0 s_bullets:
d 100
0 o_bullets:
0 s_bullets:
post POST 000 000 027 001 028 004 002 002 002 002 003 003
0 o_bullets:
0 s_bullets:
d 100
0 o_bullets:
0 s_bullets:
post POST 000 000 028 001 028 004 002 002 002 002 003 003
0 o_bullets:
0 s_bullets:
d 100
0 o_bullets:
0 s_bullets:
post POST 000 000 029 001 028 004 002 002 002 002 003 003
0 o_bullets:
0 s_bullets:
d 100
0 o_bullets:
0 s_bullets:
post POST 000 000 030 001 028 004 002 002 002 002 003 003
0 o_bullets:
0 s_bullets:
d 100
0 o_bullets:
0 s_bullets:
post POST 000 000 031 001 028 004 002 002 002 002 003 003
0 o_bullets:
0 s_bullets:
d 100
0 o_bullets:
0 s_bullets:
post POST 000 000 032 001 028 004 002 002 002 002 003 003
0 o_bullets:
0 s_bullets:
d 100
0 o_bullets:
0 s_bullets:
post POST 000 000 033 001 028 004 002 002 002 002 003 003
0 o_bullets:
0 s_bullets:
d 100
0 o_bullets:
0 s_bullets:
post POST 000 000 034 001 028 004 002 002 002 002 003 003
0 o_bullets:
0 s_bullets:
d 100
0 o_bullets:
0 s_bullets:
post POST 000 000 035 001 028 004 002 002 002 002 003 003
0 o_bullets:
0 s_bullets:
d 100
0 o_bullets:
0 s_bullets:
post POST 000 000 036 001 028 004 002 002 002 002 003 003
0 o_bullets:
0 s_bullets:
d 100
0 o_bullets:
0 s_bullets:
post POST 000 000 037 001 028 004 002 002 002 002 003 003
0 o_bullets:
0 s_bullets:
d 100
0 o_bullets:
0 s_bullets:
post POST 000 000 038 001 028 004 002 002 002 002 003 003
0 o_bullets:
0 s_bullets:
d 100
0 o_bullets:
0 s_bullets:
post POST 000 000 039 001 028 004 002 002 002 002 003 003
0 o_bullets:
0 s_bullets:
d 100
0 o_bullets:
0 s_bullets:
post POST 000 000 040 001 028 004 002 002 002 002 003 003
0 o_bullets:
0 s_bullets:
d 100
0 o_bullets:
0 s_bullets:
post POST 000 000 041 001 028 004 002 002 002 002 003 003
0 o_bullets:
0 s_bullets:
d 100
0 o_bullets:
0 s_bullets:
post POST 000 000 042 001 028 004 002 002 002 002 003 003
0 o_bullets:
0 s_bullets:
d 100
0 o_bullets:
0 s_bullets:
post POST 000 000 043 001 028 004 002 002 002 002 003 003
0 o_bullets:
0 s_bullets:
d 100
0 o_bullets:
0 s_bullets:
post POST 000 000 044 001 028 004 002 002 002 002 003 003
0 o_bullets:
0 s_bullets:
d 100
0 o_bullets:
0 s_bullets:
post POST 000 000 045 001 028 004 002 002 002 002 003 003
0 o_bullets:
0 s_bullets:
d 100
0 o_bullets:
0 s_bullets:
post POST 000 000 046 001 028 004 002 002 002 002 003 003
0 o_bullets:
0 s_bullets:
d 100
0 o_bullets:
0 s_bullets:
post POST 000 000 047 001 028 004 002 002 002 002 003 003
0 o_bullets:
0 s_bullets:
s 115
0 o_bullets:
0 s_bullets:
post POST 000 000 047 002 028 004 002 002 002 002 003 003
0 o_bullets:
0 s_bullets:
post POST 000 000 047 002 028 004 002 002 002 002 003 003
0 o_bullets:
0 s_bullets:
s 115
0 o_bullets:
0 s_bullets:
post POST 000 000 047 003 028 004 002 002 002 002 003 003
0 o_bullets:
0 s_bullets:
s 115
0 o_bullets:
0 s_bullets:
post POST 000 000 047 004 028 004 002 002 002 002 003 003
0 o_bullets:
0 s_bullets:
s 115
0 o_bullets:
0 s_bullets:
post POST 000 000 047 005 028 004 002 002 002 002 003 003
0 o_bullets:
0 s_bullets:
s 115
0 o_bullets:
0 s_bullets:
post POST 000 000 047 006 028 004 002 002 002 002 003 003
0 o_bullets:
0 s_bullets:
s 115
0 o_bullets:
0 s_bullets:
post POST 000 000 047 007 028 004 002 002 002 002 003 003
0 o_bullets:
0 s_bullets:
s 115
0 o_bullets:
0 s_bullets:
post POST 000 000 047 008 028 004 002 002 002 002 003 003
0 o_bullets:
0 s_bullets:
s 115
0 o_bullets:
0 s_bullets:
post POST 000 000 047 009 028 004 002 002 002 002 003 003
0 o_bullets:
0 s_bullets:
s 115
0 o_bullets:
0 s_bullets:
post POST 000 000 047 010 028 004 002 002 002 002 003 003
0 o_bullets:
0 s_bullets:
s 115
0 o_bullets:
0 s_bullets:
post POST 000 000 047 011 028 004 002 002 002 002 003 003
0 o_bullets:
0 s_bullets:
a 97
0 o_bullets:
0 s_bullets:
post POST 000 000 046 011 028 004 002 002 002 002 003 003
0 o_bullets:
0 s_bullets:
post POST 000 000 046 011 028 004 002 002 002 002 003 003
0 o_bullets:
0 s_bullets:
a 97
0 o_bullets:
0 s_bullets:
post POST 000 000 045 011 028 004 002 002 002 002 003 003
0 o_bullets:
0 s_bullets:
a 97
0 o_bullets:
0 s_bullets:
post POST 000 000 044 011 028 004 002 002 002 002 003 003
0 o_bullets:
0 s_bullets:
a 97
0 o_bullets:
0 s_bullets:
post POST 000 000 043 011 028 004 002 002 002 002 003 003
0 o_bullets:
0 s_bullets:
a 97
0 o_bullets:
0 s_bullets:
post POST 000 000 042 011 028 004 002 002 002 002 003 003
0 o_bullets:
0 s_bullets:
a 97
0 o_bullets:
0 s_bullets:
post POST 000 000 041 011 028 004 002 002 002 002 003 003
0 o_bullets:
0 s_bullets:
a 97
0 o_bullets:
0 s_bullets:
post POST 000 000 040 011 028 004 002 002 002 002 003 003
0 o_bullets:
0 s_bullets:
a 97
0 o_bullets:
0 s_bullets:
post POST 000 000 039 011 028 004 002 002 002 002 003 003
0 o_bullets:
0 s_bullets:
a 97
0 o_bullets:
0 s_bullets:
post POST 000 000 038 011 028 004 002 002 002 002 003 003
0 o_bullets:
0 s_bullets:
a 97
0 o_bullets:
0 s_bullets:
post POST 000 000 037 011 028 004 002 002 002 002 003 003
0 o_bullets:
0 s_bullets:
a 97
0 o_bullets:
0 s_bullets:
post POST 000 000 036 011 028 004 002 002 002 002 003 003
0 o_bullets:
0 s_bullets:
a 97
0 o_bullets:
0 s_bullets:
post POST 000 000 035 011 028 004 002 002 002 002 003 003
0 o_bullets:
0 s_bullets:
a 97
0 o_bullets:
0 s_bullets:
post POST 000 000 034 011 028 004 002 002 002 002 003 003
0 o_bullets:
0 s_bullets:
a 97
0 o_bullets:
0 s_bullets:
post POST 000 000 033 011 028 004 002 002 002 002 003 003
0 o_bullets:
0 s_bullets:
a 97
0 o_bullets:
0 s_bullets:
post POST 000 000 032 011 028 004 002 002 002 002 003 003
0 o_bullets:
0 s_bullets:
a 97
0 o_bullets:
0 s_bullets:
post POST 000 000 031 011 028 004 002 002 002 002 003 003
0 o_bullets:
0 s_bullets:
post POST 000 000 031 011 028 004 002 002 002 002 003 003
0 o_bullets:
0 s_bullets:
a 97
0 o_bullets:
0 s_bullets:
post POST 000 000 030 011 028 004 002 002 002 002 003 003
0 o_bullets:
0 s_bullets:
a 97
0 o_bullets:
0 s_bullets:
post POST 000 000 029 011 028 004 002 002 002 002 003 003
0 o_bullets:
0 s_bullets:
a 97
0 o_bullets:
0 s_bullets:
post POST 000 000 028 011 028 004 002 002 002 002 003 003
0 o_bullets:
0 s_bullets:
post POST 000 000 028 011 028 004 002 002 002 002 003 003
0 o_bullets:
0 s_bullets:
d 100
0 o_bullets:
0 s_bullets:
post POST 000 000 028 011 028 004 002 002 002 002 003 003
  32
0 o_bullets:
0 s_bullets:
post POST 000 000 029 011 028 004 002 002 002 002 003 003
0 o_bullets:
0 s_bullets:
post POST 001 000 029 011 028 004 002 002 001 002 003 003 034 010
0 o_bullets:
1 s_bullets:
   34 10
post POST 001 000 029 011 028 004 002 002 001 002 002 003 034 009
0 o_bullets:
1 s_bullets:
   34 9
post POST 001 000 029 011 028 004 002 002 001 002 001 003 034 008
0 o_bullets:
1 s_bullets:
   34 8
  32
0 o_bullets:
1 s_bullets:
   34 8
post POST 002 000 029 011 028 004 002 002 000 002 001 003 034 008 034 010
0 o_bullets:
2 s_bullets:
   34 8
   34 10
post POST 002 000 029 011 028 004 002 002 001 002 003 003 034 007 034 009
0 o_bullets:
2 s_bullets:
   34 7
   34 9
post POST 002 000 029 011 028 004 002 002 001 002 002 003 034 006 034 008
0 o_bullets:
2 s_bullets:
   34 6
   34 8
post POST 002 000 029 011 028 004 002 002 001 002 001 003 034 005 034 007
0 o_bullets:
2 s_bullets:
   34 5
   34 7
post POST 002 000 029 011 028 004 002 002 002 002 003 003 034 004 034 006
0 o_bullets:
2 s_bullets:
   34 4
   34 6
post POST 002 000 029 011 028 004 002 002 002 002 003 003 034 003 034 005
0 o_bullets:
2 s_bullets:
   34 3
   34 5
post POST 002 000 029 011 028 004 002 001 002 002 003 003 034 002 034 004
0 o_bullets:
2 s_bullets:
   34 2
   34 4
post POST 001 000 029 011 028 004 002 001 002 002 003 003 034 003
0 o_bullets:
1 s_bullets:
   34 3
post POST 001 000 029 011 028 004 002 000 002 002 003 003 034 002
0 o_bullets:
1 s_bullets:
   34 2
exit EXIT 3
