wait WAIT 
post POST 000 000 070 014 000 000 002 002 002 002 003 003
0 o_bullets:
0 s_bullets:
post POST 000 000 070 014 000 000 002 002 002 002 003 003
0 o_bullets:
0 s_bullets:
post POST 000 000 070 014 000 000 002 002 002 002 003 003
0 o_bullets:
0 s_bullets:
a 97
0 o_bullets:
0 s_bullets:
post POST 000 000 069 014 000 000 002 002 002 002 003 003
0 o_bullets:
0 s_bullets:
a 97
0 o_bullets:
0 s_bullets:
post POST 000 000 068 014 000 000 002 002 002 002 003 003
0 o_bullets:
0 s_bullets:
a 97
0 o_bullets:
0 s_bullets:
post POST 000 000 067 014 000 000 002 002 002 002 003 003
0 o_bullets:
0 s_bullets:
a 97
0 o_bullets:
0 s_bullets:
post POST 000 000 066 014 000 000 002 002 002 002 003 003
0 o_bullets:
0 s_bullets:
a 97
0 o_bullets:
0 s_bullets:
post POST 000 000 065 014 000 000 002 002 002 002 003 003
0 o_bullets:
0 s_bullets:
a 97
0 o_bullets:
0 s_bullets:
post POST 000 000 064 014 000 000 002 002 002 002 003 003
0 o_bullets:
0 s_bullets:
a 97
0 o_bullets:
0 s_bullets:
post POST 000 000 063 014 000 000 002 002 002 002 003 003
0 o_bullets:
0 s_bullets:
a 97
0 o_bullets:
0 s_bullets:
post POST 000 000 062 014 000 000 002 002 002 002 003 003
0 o_bullets:
0 s_bullets:
a 97
0 o_bullets:
0 s_bullets:
post POST 000 000 061 014 000 000 002 002 002 002 003 003
0 o_bullets:
0 s_bullets:
a 97
0 o_bullets:
0 s_bullets:
post POST 000 000 060 014 000 000 002 002 002 002 003 003
0 o_bullets:
0 s_bullets:
a 97
0 o_bullets:
0 s_bullets:
post POST 000 000 059 014 000 000 002 002 002 002 003 003
0 o_bullets:
0 s_bullets:
a 97
0 o_bullets:
0 s_bullets:
post POST 000 000 058 014 000 000 002 002 002 002 003 003
0 o_bullets:
0 s_bullets:
a 97
0 o_bullets:
0 s_bullets:
post POST 000 000 057 014 000 000 002 002 002 002 003 003
0 o_bullets:
0 s_bullets:
a 97
0 o_bullets:
0 s_bullets:
post POST 000 000 056 014 000 000 002 002 002 002 003 003
0 o_bullets:
0 s_bullets:
a 97
0 o_bullets:
0 s_bullets:
post POST 000 000 055 014 000 000 002 002 002 002 003 003
0 o_bullets:
0 s_bullets:
a 97
0 o_bullets:
0 s_bullets:
post POST 000 000 054 014 000 000 002 002 002 002 003 003
0 o_bullets:
0 s_bullets:
a 97
0 o_bullets:
0 s_bullets:
post POST 000 000 053 014 000 000 002 002 002 002 003 003
0 o_bullets:
0 s_bullets:
a 97
0 o_bullets:
0 s_bullets:
post POST 000 000 052 014 000 000 002 002 002 002 003 003
0 o_bullets:
0 s_bullets:
post POST 000 000 052 014 000 000 002 002 002 002 003 003
0 o_bullets:
0 s_bullets:
a 97
0 o_bullets:
0 s_bullets:
post POST 000 000 051 014 000 000 002 002 002 002 003 003
0 o_bullets:
0 s_bullets:
a 97
0 o_bullets:
0 s_bullets:
post POST 000 000 050 014 000 000 002 002 002 002 003 003
0 o_bullets:
0 s_bullets:
a 97
0 o_bullets:
0 s_bullets:
post POST 000 000 049 014 000 000 002 002 002 002 003 003
0 o_bullets:
0 s_bullets:
a 97
0 o_bullets:
0 s_bullets:
post POST 000 000 048 014 000 000 002 002 002 002 003 003
0 o_bullets:
0 s_bullets:
a 97
0 o_bullets:
0 s_bullets:
post POST 000 000 047 014 000 000 002 002 002 002 003 003
0 o_bullets:
0 s_bullets:
a 97
0 o_bullets:
0 s_bullets:
post POST 000 000 046 014 000 000 002 002 002 002 003 003
0 o_bullets:
0 s_bullets:
a 97
0 o_bullets:
0 s_bullets:
post POST 000 000 045 014 000 000 002 002 002 002 003 003
0 o_bullets:
0 s_bullets:
a 97
0 o_bullets:
0 s_bullets:
post POST 000 000 044 014 000 000 002 002 002 002 003 003
0 o_bullets:
0 s_bullets:
a 97
0 o_bullets:
0 s_bullets:
post POST 000 000 043 014 000 000 002 002 002 002 003 003
0 o_bullets:
0 s_bullets:
a 97
0 o_bullets:
0 s_bullets:
post POST 000 000 042 014 000 000 002 002 002 002 003 003
0 o_bullets:
0 s_bullets:
a 97
0 o_bullets:
0 s_bullets:
post POST 000 000 041 014 000 000 002 002 002 002 003 003
0 o_bullets:
0 s_bullets:
a 97
0 o_bullets:
0 s_bullets:
post POST 000 000 040 014 000 000 002 002 002 002 003 003
0 o_bullets:
0 s_bullets:
a 97
0 o_bullets:
0 s_bullets:
post POST 000 000 039 014 000 000 002 002 002 002 003 003
0 o_bullets:
0 s_bullets:
a 97
0 o_bullets:
0 s_bullets:
post POST 000 000 038 014 000 000 002 002 002 002 003 003
0 o_bullets:
0 s_bullets:
a 97
0 o_bullets:
0 s_bullets:
post POST 000 000 037 014 000 000 002 002 002 002 003 003
0 o_bullets:
0 s_bullets:
a 97
0 o_bullets:
0 s_bullets:
post POST 000 000 036 014 000 000 002 002 002 002 003 003
0 o_bullets:
0 s_bullets:
a 97
0 o_bullets:
0 s_bullets:
post POST 000 000 035 014 000 000 002 002 002 002 003 003
0 o_bullets:
0 s_bullets:
a 97
0 o_bullets:
0 s_bullets:
post POST 000 000 034 014 000 000 002 002 002 002 003 003
0 o_bullets:
0 s_bullets:
a 97
0 o_bullets:
0 s_bullets:
post POST 000 000 033 014 000 000 002 002 002 002 003 003
0 o_bullets:
0 s_bullets:
a 97
0 o_bullets:
0 s_bullets:
post POST 000 000 032 014 000 000 002 002 002 002 003 003
0 o_bullets:
0 s_bullets:
a 97
0 o_bullets:
0 s_bullets:
post POST 000 000 031 014 000 000 002 002 002 002 003 003
0 o_bullets:
0 s_bullets:
a 97
0 o_bullets:
0 s_bullets:
post POST 000 000 030 014 000 000 002 002 002 002 003 003
0 o_bullets:
0 s_bullets:
a 97
0 o_bullets:
0 s_bullets:
post POST 000 000 029 014 000 000 002 002 002 002 003 003
0 o_bullets:
0 s_bullets:
a 97
0 o_bullets:
0 s_bullets:
post POST 000 000 028 014 000 000 002 002 002 002 003 003
0 o_bullets:
0 s_bullets:
a 97
0 o_bullets:
0 s_bullets:
post POST 000 000 027 014 000 000 002 002 002 002 003 003
0 o_bullets:
0 s_bullets:
a 97
0 o_bullets:
0 s_bullets:
post POST 000 000 026 014 000 000 002 002 002 002 003 003
0 o_bullets:
0 s_bullets:
a 97
0 o_bullets:
0 s_bullets:
post POST 000 000 025 014 000 000 002 002 002 002 003 003
0 o_bullets:
0 s_bullets:
a 97
0 o_bullets:
0 s_bullets:
post POST 000 000 024 014 000 000 002 002 002 002 003 003
0 o_bullets:
0 s_bullets:
a 97
0 o_bullets:
0 s_bullets:
post POST 000 000 023 014 000 000 002 002 002 002 003 003
0 o_bullets:
0 s_bullets:
a 97
0 o_bullets:
0 s_bullets:
post POST 000 000 022 014 000 000 002 002 002 002 003 003
0 o_bullets:
0 s_bullets:
a 97
0 o_bullets:
0 s_bullets:
post POST 000 000 021 014 000 000 002 002 002 002 003 003
0 o_bullets:
0 s_bullets:
a 97
0 o_bullets:
0 s_bullets:
post POST 000 000 020 014 000 000 002 002 002 002 003 003
0 o_bullets:
0 s_bullets:
a 97
0 o_bullets:
0 s_bullets:
post POST 000 000 019 014 000 000 002 002 002 002 003 003
0 o_bullets:
0 s_bullets:
a 97
0 o_bullets:
0 s_bullets:
post POST 000 000 018 014 000 000 002 002 002 002 003 003
0 o_bullets:
0 s_bullets:
post POST 000 000 018 014 000 000 002 002 002 002 003 003
0 o_bullets:
0 s_bullets:
a 97
0 o_bullets:
0 s_bullets:
post POST 000 000 017 014 000 000 002 002 002 002 003 003
0 o_bullets:
0 s_bullets:
a 97
0 o_bullets:
0 s_bullets:
post POST 000 000 016 014 000 000 002 002 002 002 003 003
0 o_bullets:
0 s_bullets:
a 97
0 o_bullets:
0 s_bullets:
post POST 000 000 015 014 000 000 002 002 002 002 003 003
0 o_bullets:
0 s_bullets:
a 97
0 o_bullets:
0 s_bullets:
post POST 000 000 014 014 000 000 002 002 002 002 003 003
0 o_bullets:
0 s_bullets:
a 97
0 o_bullets:
0 s_bullets:
post POST 000 000 013 014 000 000 002 002 002 002 003 003
0 o_bullets:
0 s_bullets:
a 97
0 o_bullets:
0 s_bullets:
post POST 000 000 012 014 000 000 002 002 002 002 003 003
0 o_bullets:
0 s_bullets:
a 97
0 o_bullets:
0 s_bullets:
post POST 000 000 011 014 000 000 002 002 002 002 003 003
0 o_bullets:
0 s_bullets:
a 97
0 o_bullets:
0 s_bullets:
post POST 000 000 010 014 000 000 002 002 002 002 003 003
0 o_bullets:
0 s_bullets:
a 97
0 o_bullets:
0 s_bullets:
post POST 000 000 009 014 000 000 002 002 002 002 003 003
0 o_bullets:
0 s_bullets:
a 97
0 o_bullets:
0 s_bullets:
post POST 000 000 008 014 000 000 002 002 002 002 003 003
0 o_bullets:
0 s_bullets:
a 97
0 o_bullets:
0 s_bullets:
post POST 000 000 007 014 000 000 002 002 002 002 003 003
0 o_bullets:
0 s_bullets:
a 97
0 o_bullets:
0 s_bullets:
post POST 000 000 006 014 000 000 002 002 002 002 003 003
0 o_bullets:
0 s_bullets:
a 97
0 o_bullets:
0 s_bullets:
post POST 000 000 005 014 000 000 002 002 002 002 003 003
0 o_bullets:
0 s_bullets:
a 97
0 o_bullets:
0 s_bullets:
post POST 000 000 004 014 000 000 002 002 002 002 003 003
0 o_bullets:
0 s_bullets:
a 97
0 o_bullets:
0 s_bullets:
post POST 000 000 003 014 000 000 002 002 002 002 003 003
0 o_bullets:
0 s_bullets:
a 97
0 o_bullets:
0 s_bullets:
post POST 000 000 002 014 000 000 002 002 002 002 003 003
0 o_bullets:
0 s_bullets:
a 97
0 o_bullets:
0 s_bullets:
post POST 000 000 001 014 000 000 002 002 002 002 003 003
0 o_bullets:
0 s_bullets:
a 97
0 o_bullets:
0 s_bullets:
post POST 000 000 000 014 000 000 002 002 002 002 003 003
0 o_bullets:
0 s_bullets:
a 97
0 o_bullets:
0 s_bullets:
post POST 000 000 000 014 000 000 002 002 002 002 003 003
0 o_bullets:
0 s_bullets:
a 97
0 o_bullets:
0 s_bullets:
post POST 000 000 000 014 000 000 002 002 002 002 003 003
0 o_bullets:
0 s_bullets:
a 97
0 o_bullets:
0 s_bullets:
post POST 000 000 000 014 000 000 002 002 002 002 003 003
0 o_bullets:
0 s_bullets:
  32
0 o_bullets:
0 s_bullets:
post POST 001 000 000 014 000 000 002 002 001 002 003 003 005 013
0 o_bullets:
1 s_bullets:
   5 13
post POST 001 000 000 014 000 000 002 002 001 002 002 003 005 012
0 o_bullets:
1 s_bullets:
   5 12
  32
0 o_bullets:
1 s_bullets:
   5 12
post POST 002 000 000 014 000 000 002 002 000 002 002 003 005 012 005 013
0 o_bullets:
2 s_bullets:
   5 12
   5 13
post POST 002 000 000 014 000 000 002 002 000 002 001 003 005 011 005 012
0 o_bullets:
2 s_bullets:
   5 11
   5 12
post POST 002 000 000 014 000 000 002 002 001 002 003 003 005 010 005 011
0 o_bullets:
2 s_bullets:
   5 10
   5 11
post POST 002 000 000 014 000 000 002 002 001 002 002 003 005 009 005 010
0 o_bullets:
2 s_bullets:
   5 9
   5 10
post POST 002 000 000 014 000 000 002 002 001 002 001 003 005 008 005 009
0 o_bullets:
2 s_bullets:
   5 8
   5 9
post POST 002 000 000 014 000 000 002 002 002 002 003 003 005 007 005 008
0 o_bullets:
2 s_bullets:
   5 7
   5 8
post POST 002 000 000 014 000 000 002 002 002 002 003 003 005 006 005 007
0 o_bullets:
2 s_bullets:
   5 6
   5 7
post POST 002 000 000 014 000 000 002 002 002 002 003 003 005 005 005 006
0 o_bullets:
2 s_bullets:
   5 5
   5 6
post POST 002 000 000 014 000 000 002 002 002 002 003 003 005 004 005 005
0 o_bullets:
2 s_bullets:
   5 4
   5 5
post POST 002 000 000 014 000 000 002 002 002 002 003 003 005 003 005 004
0 o_bullets:
2 s_bullets:
   5 3
   5 4
post POST 002 000 000 014 000 000 002 001 002 002 003 003 005 002 005 003
0 o_bullets:
2 s_bullets:
   5 2
   5 3
post POST 001 000 000 014 000 000 002 000 002 002 003 003 005 002
0 o_bullets:
1 s_bullets:
   5 2
exit EXIT 3
