wait WAIT 
post POST 000 000 070 014 000 000 002 002 002 002 003 003
0 o_bullets:
0 s_bullets:
post POST 000 000 070 014 000 000 002 002 002 002 003 003
0 o_bullets:
0 s_bullets:
post POST 000 000 070 014 000 000 002 002 002 002 003 003
0 o_bullets:
0 s_bullets:
post POST 000 000 070 014 000 000 002 002 002 002 003 003
0 o_bullets:
0 s_bullets:
post POST 000 000 070 014 000 000 002 002 002 002 003 003
0 o_bullets:
0 s_bullets:
post POST 000 000 070 014 000 000 002 002 002 002 003 003
0 o_bullets:
0 s_bullets:
post POST 000 000 070 014 000 000 002 002 002 002 003 003
0 o_bullets:
0 s_bullets:
post POST 000 000 070 014 000 000 002 002 002 002 003 003
0 o_bullets:
0 s_bullets:
post POST 000 000 070 014 000 000 002 002 002 002 003 003
0 o_bullets:
0 s_bullets:
post POST 000 000 070 014 000 000 002 002 002 002 003 003
0 o_bullets:
0 s_bullets:
post POST 000 000 070 014 000 000 002 002 002 002 003 003
0 o_bullets:
0 s_bullets:
post POST 000 000 070 014 000 000 002 002 002 002 003 003
0 o_bullets:
0 s_bullets:
post POST 000 000 070 014 000 000 002 002 002 002 003 003
0 o_bullets:
0 s_bullets:
post POST 000 000 070 014 000 000 002 002 002 002 003 003
0 o_bullets:
0 s_bullets:
post POST 000 000 070 014 000 000 002 002 002 002 003 003
0 o_bullets:
0 s_bullets:
post POST 000 000 070 014 000 000 002 002 002 002 003 003
0 o_bullets:
0 s_bullets:
post POST 000 000 070 014 000 000 002 002 002 002 003 003
0 o_bullets:
0 s_bullets:
post POST 000 000 070 014 000 000 002 002 002 002 003 003
0 o_bullets:
0 s_bullets:
post POST 000 000 070 014 000 000 002 002 002 002 003 003
0 o_bullets:
0 s_bullets:
post POST 000 000 070 014 000 000 002 002 002 002 003 003
0 o_bullets:
0 s_bullets:
post POST 000 000 070 014 000 000 002 002 002 002 003 003
0 o_bullets:
0 s_bullets:
post POST 000 000 070 014 000 000 002 002 002 002 003 003
0 o_bullets:
0 s_bullets:
post POST 000 000 070 014 000 000 002 002 002 002 003 003
0 o_bullets:
0 s_bullets:
post POST 000 000 070 014 000 000 002 002 002 002 003 003
0 o_bullets:
0 s_bullets:
post POST 000 000 070 014 000 000 002 002 002 002 003 003
0 o_bullets:
0 s_bullets:
post POST 000 000 070 014 000 000 002 002 002 002 003 003
0 o_bullets:
0 s_bullets:
post POST 000 000 070 014 000 000 002 002 002 002 003 003
0 o_bullets:
0 s_bullets:
post POST 000 000 070 014 000 000 002 002 002 002 003 003
0 o_bullets:
0 s_bullets:
post POST 000 000 070 014 000 000 002 002 002 002 003 003
0 o_bullets:
0 s_bullets:
post POST 000 000 070 014 000 000 002 002 002 002 003 003
0 o_bullets:
0 s_bullets:
post POST 000 000 070 014 000 000 002 002 002 002 003 003
0 o_bullets:
0 s_bullets:
post POST 000 000 070 014 000 000 002 002 002 002 003 003
0 o_bullets:
0 s_bullets:
post POST 000 000 070 014 000 000 002 002 002 002 003 003
0 o_bullets:
0 s_bullets:
post POST 000 000 070 014 000 000 002 002 002 002 003 003
0 o_bullets:
0 s_bullets:
post POST 000 000 070 014 000 000 002 002 002 002 003 003
0 o_bullets:
0 s_bullets:
post POST 000 000 070 014 000 000 002 002 002 002 003 003
0 o_bullets:
0 s_bullets:
post POST 000 000 070 014 000 000 002 002 002 002 003 003
0 o_bullets:
0 s_bullets:
post POST 000 000 070 014 000 000 002 002 002 002 003 003
0 o_bullets:
0 s_bullets:
post POST 000 000 070 014 000 000 002 002 002 002 003 003
0 o_bullets:
0 s_bullets:
post POST 000 000 070 014 000 000 002 002 002 002 003 003
0 o_bullets:
0 s_bullets:
post POST 000 000 070 014 000 000 002 002 002 002 003 003
0 o_bullets:
0 s_bullets:
post POST 000 000 070 014 000 000 002 002 002 002 003 003
0 o_bullets:
0 s_bullets:
post POST 000 000 070 014 000 000 002 002 002 002 003 003
0 o_bullets:
0 s_bullets:
post POST 000 000 070 014 000 000 002 002 002 002 003 003
0 o_bullets:
0 s_bullets:
post POST 000 000 070 014 000 000 002 002 002 002 003 003
0 o_bullets:
0 s_bullets:
post POST 000 000 070 014 000 000 002 002 002 002 003 003
0 o_bullets:
0 s_bullets:
post POST 000 000 070 014 000 000 002 002 002 002 003 003
0 o_bullets:
0 s_bullets:
post POST 000 000 070 014 000 000 002 002 002 002 003 003
0 o_bullets:
0 s_bullets:
post POST 000 000 070 014 000 000 002 002 002 002 003 003
0 o_bullets:
0 s_bullets:
post POST 000 000 070 014 000 000 002 002 002 002 003 003
0 o_bullets:
0 s_bullets:
post POST 000 000 070 014 000 000 002 002 002 002 003 003
0 o_bullets:
0 s_bullets:
post POST 000 000 070 014 000 000 002 002 002 002 003 003
0 o_bullets:
0 s_bullets:
post POST 000 000 070 014 000 000 002 002 002 002 003 003
0 o_bullets:
0 s_bullets:
post POST 000 000 070 014 000 000 002 002 002 002 003 003
0 o_bullets:
0 s_bullets:
post POST 000 000 070 014 000 000 002 002 002 002 003 003
0 o_bullets:
0 s_bullets:
post POST 000 000 070 014 000 000 002 002 002 002 003 003
0 o_bullets:
0 s_bullets:
post POST 000 000 070 014 000 000 002 002 002 002 003 003
0 o_bullets:
0 s_bullets:
post POST 000 000 070 014 000 000 002 002 002 002 003 003
0 o_bullets:
0 s_bullets:
post POST 000 000 070 014 000 000 002 002 002 002 003 003
0 o_bullets:
0 s_bullets:
post POST 000 000 070 014 000 000 002 002 002 002 003 003
0 o_bullets:
0 s_bullets:
post POST 000 000 070 014 000 000 002 002 002 002 003 003
0 o_bullets:
0 s_bullets:
post POST 000 000 070 014 000 000 002 002 002 002 003 003
0 o_bullets:
0 s_bullets:
post POST 000 000 070 014 000 000 002 002 002 002 003 003
0 o_bullets:
0 s_bullets:
post POST 000 000 070 014 000 000 002 002 002 002 003 003
0 o_bullets:
0 s_bullets:
post POST 000 000 070 014 000 000 002 002 002 002 003 003
0 o_bullets:
0 s_bullets:
post POST 000 000 070 014 000 000 002 002 002 002 003 003
0 o_bullets:
0 s_bullets:
post POST 000 000 070 014 000 000 002 002 002 002 003 003
0 o_bullets:
0 s_bullets:
post POST 000 000 070 014 000 000 002 002 002 002 003 003
0 o_bullets:
0 s_bullets:
post POST 000 000 070 014 000 000 002 002 002 002 003 003
0 o_bullets:
0 s_bullets:
post POST 000 000 070 014 000 000 002 002 002 002 003 003
0 o_bullets:
0 s_bullets:
post POST 000 000 070 014 000 000 002 002 002 002 003 003
0 o_bullets:
0 s_bullets:
post POST 000 000 070 014 000 000 002 002 002 002 003 003
0 o_bullets:
0 s_bullets:
post POST 000 000 070 014 000 000 002 002 002 002 003 003
0 o_bullets:
0 s_bullets:
post POST 000 000 070 014 000 000 002 002 002 002 003 003
0 o_bullets:
0 s_bullets:
post POST 000 000 070 014 001 000 002 002 002 002 003 003
0 o_bullets:
0 s_bullets:
post POST 000 000 070 014 002 000 002 002 002 002 003 003
0 o_bullets:
0 s_bullets:
post POST 000 000 070 014 003 000 002 002 002 002 003 003POST 000 000 070 014 004 000 002 002 002 002 003 003
0 o_bullets:
0 s_bullets:
post POST 000 000 070 014 005 000 002 002 002 002 003 003POST 000 000 070 014 006 000 002 002 002 002 003 003POST 000 000 070 014 006 000 002 002 002 002 003 003POST 000 000 070 014 007 000 002 002 002 002 003 003
0 o_bullets:
0 s_bullets:
post POST 000 000 070 014 008 000 002 002 002 002 003 003POST 000 000 070 014 009 000 002 002 002 002 003 003
0 o_bullets:
0 s_bullets:
post POST 000 000 070 014 010 000 002 002 002 002 003 003POST 000 000 070 014 011 000 002 002 002 002 003 003
0 o_bullets:
0 s_bullets:
post POST 000 000 070 014 012 000 002 002 002 002 003 003POST 000 000 070 014 013 000 002 002 002 002 003 003POST 000 000 070 014 014 000 002 002 002 002 003 003POST 000 000 070 014 015 000 002 002 002 002 003 003
0 o_bullets:
0 s_bullets:
post POST 000 000 070 014 016 000 002 002 002 002 003 003POST 000 000 070 014 017 000 002 002 002 002 003 003POST 000 000 070 014 018 000 002 002 002 002 003 003
0 o_bullets:
0 s_bullets:
post POST 000 000 070 014 019 000 002 002 002 002 003 003POST 000 000 070 014 020 000 002 002 002 002 003 003POST 000 000 070 014 021 000 002 002 002 002 003 003
0 o_bullets:
0 s_bullets:
post POST 000 000 070 014 022 000 002 002 002 002 003 003POST 000 000 070 014 023 000 002 002 002 002 003 003POST 000 000 070 014 024 000 002 002 002 002 003 003
0 o_bullets:
0 s_bullets:
post POST 000 000 070 014 025 000 002 002 002 002 003 003POST 000 000 070 014 026 000 002 002 002 002 003 003POST 000 000 070 014 027 000 002 002 002 002 003 003POST 000 000 070 014 028 000 002 002 002 002 003 003
0 o_bullets:
0 s_bullets:
post POST 000 000 070 014 029 000 002 002 002 002 003 003POST 000 000 070 014 030 000 002 002 002 002 003 003POST 000 000 070 014 031 000 002 002 002 002 003 003POST 000 000 070 014 032 000 002 002 002 002 003 003
0 o_bullets:
0 s_bullets:
post POST 000 000 070 014 033 000 002 002 002 002 003 003POST 000 000 070 014 034 000 002 002 002 002 003 003
0 o_bullets:
0 s_bullets:
post POST 000 000 070 014 035 000 002 002 002 002 003 003POST 000 000 070 014 036 000 002 002 002 002 003 003
0 o_bullets:
0 s_bullets:
post POST 000 000 070 014 037 000 002 002 002 002 003 003POST 000 000 070 014 038 000 002 002 002 002 003 003
0 o_bullets:
0 s_bullets:
post POST 000 000 070 014 039 000 002 002 002 002 003 003POST 000 000 070 014 040 000 002 002 002 002 003 003POST 000 000 070 014 040 000 002 002 002 002 003 003
0 o_bullets:
0 s_bullets:
post POST 000 000 070 014 041 000 002 002 002 002 003 003POST 000 000 070 014 042 000 002 002 002 002 003 003POST 000 000 070 014 043 000 002 002 002 002 003 003
0 o_bullets:
0 s_bullets:
post POST 000 000 070 014 044 000 002 002 002 002 003 003
0 o_bullets:
0 s_bullets:
post POST 000 000 070 014 045 000 002 002 002 002 003 003POST 000 000 070 014 046 000 002 002 002 002 003 003
0 o_bullets:
0 s_bullets:
post POST 000 000 070 014 047 000 002 002 002 002 003 003POST 000 000 070 014 048 000 002 002 002 002 003 003
0 o_bullets:
0 s_bullets:
post POST 000 000 070 014 049 000 002 002 002 002 003 003POST 000 000 070 014 050 000 002 002 002 002 003 003
0 o_bullets:
0 s_bullets:
post POST 000 000 070 014 051 000 002 002 002 002 003 003
0 o_bullets:
0 s_bullets:
post POST 000 000 070 014 052 000 002 002 002 002 003 003
0 o_bullets:
0 s_bullets:
post POST 000 000 070 014 053 000 002 002 002 002 003 003POST 000 000 070 014 054 000 002 002 002 002 003 003
0 o_bullets:
0 s_bullets:
post POST 000 000 070 014 055 000 002 002 002 002 003 003POST 000 000 070 014 056 000 002 002 002 002 003 003
0 o_bullets:
0 s_bullets:
post POST 000 000 070 014 057 000 002 002 002 002 003 003
0 o_bullets:
0 s_bullets:
post POST 000 000 070 014 058 000 002 002 002 002 003 003
0 o_bullets:
0 s_bullets:
post POST 000 000 070 014 059 000 002 002 002 002 003 003POST 000 000 070 014 060 000 002 002 002 002 003 003
0 o_bullets:
0 s_bullets:
post POST 000 000 070 014 061 000 002 002 002 002 003 003POST 000 000 070 014 062 000 002 002 002 002 003 003POST 000 000 070 014 063 000 002 002 002 002 003 003
0 o_bullets:
0 s_bullets:
post POST 000 000 070 014 064 000 002 002 002 002 003 003POST 000 000 070 014 065 000 002 002 002 002 003 003
0 o_bullets:
0 s_bullets:
post POST 000 000 070 014 066 000 002 002 002 002 003 003
0 o_bullets:
0 s_bullets:
post POST 000 000 070 014 067 000 002 002 002 002 003 003
0 o_bullets:
0 s_bullets:
post POST 000 000 070 014 068 000 002 002 002 002 003 003
0 o_bullets:
0 s_bullets:
post POST 000 000 070 014 069 000 002 002 002 002 003 003
0 o_bullets:
0 s_bullets:
post POST 000 000 070 014 070 000 002 002 002 002 003 003POST 000 000 070 014 070 000 002 002 002 002 003 003
0 o_bullets:
0 s_bullets:
post POST 000 000 070 014 070 000 002 002 002 002 003 003POST 000 000 070 014 070 000 002 002 002 002 003 003
0 o_bullets:
0 s_bullets:
post POST 000 000 070 014 070 000 002 002 002 002 003 003POST 000 000 070 014 070 000 002 002 002 002 003 003
0 o_bullets:
0 s_bullets:
post POST 000 000 070 014 070 000 002 002 002 002 003 003POST 000 000 070 014 070 000 002 002 002 002 003 003
0 o_bullets:
0 s_bullets:
post POST 000 000 070 014 070 000 002 002 002 002 003 003POST 000 000 070 014 070 000 002 002 002 002 003 003
0 o_bullets:
0 s_bullets:
post POST 000 000 070 014 070 000 002 002 002 002 003 003
0 o_bullets:
0 s_bullets:
post POST 000 000 070 014 070 000 002 002 002 002 003 003
0 o_bullets:
0 s_bullets:
post POST 000 000 070 014 070 000 002 002 002 002 003 003POST 000 000 070 014 070 000 002 002 002 002 003 003
0 o_bullets:
0 s_bullets:
post POST 000 000 070 014 070 000 002 002 002 002 003 003
0 o_bullets:
0 s_bullets:
post POST 000 000 070 014 070 000 002 002 002 002 003 003
0 o_bullets:
0 s_bullets:
post POST 000 001 070 014 070 000 002 002 002 001 003 003 074 002
1 o_bullets:
   74 2
0 s_bullets:
post POST 000 001 070 014 070 000 002 002 002 001 003 002 074 003
1 o_bullets:
   74 3
0 s_bullets:
post POST 000 002 070 014 070 000 002 002 002 000 003 002 074 003 074 002
2 o_bullets:
   74 3
   74 2
0 s_bullets:
post POST 000 002 070 014 070 000 002 002 002 000 003 001 074 004 074 003
2 o_bullets:
   74 4
   74 3
0 s_bullets:
post POST 000 002 070 014 070 000 002 002 002 001 003 003 074 005 074 004
2 o_bullets:
   74 5
   74 4
0 s_bullets:
post POST 000 002 070 014 070 000 002 002 002 001 003 002 074 006 074 005
2 o_bullets:
   74 6
   74 5
0 s_bullets:
post POST 000 002 070 014 070 000 002 002 002 001 003 001 074 007 074 006
2 o_bullets:
   74 7
   74 6
0 s_bullets:
post POST 000 002 070 014 070 000 002 002 002 002 003 003 074 008 074 007
2 o_bullets:
   74 8
   74 7
0 s_bullets:
post POST 000 002 070 014 070 000 002 002 002 002 003 003 074 009 074 008
2 o_bullets:
   74 9
   74 8
0 s_bullets:
post POST 000 002 070 014 070 000 002 002 002 002 003 003 074 010 074 009
2 o_bullets:
   74 10
   74 9
0 s_bullets:
post POST 000 002 070 014 070 000 002 002 002 002 003 003 074 011 074 010
2 o_bullets:
   74 11
   74 10
0 s_bullets:
post POST 000 002 070 014 070 000 002 002 002 002 003 003 074 012 074 011
2 o_bullets:
   74 12
   74 11
0 s_bullets:
post POST 000 002 070 014 070 000 001 002 002 002 003 003 074 013 074 012
2 o_bullets:
   74 13
   74 12
0 s_bullets:
post POST 000 001 070 014 070 000 000 002 002 002 003 003 074 013EXIT 4
1 o_bullets:
   74 13
0 s_bullets:
